start: s 
accept: ac 
reject: rj 
blank: b 
helper_ac	b  ->  helper_ac_bi	™0	^
helper_ac_bi	™0  ->  ac	b	>
loop_ac	§  ->  loop_ac_bi	™1	^
loop_ac_bi	™1  ->  helper_ac	b	^
loop_ac	b  ->  loop_ac_bi	™2	^
loop_ac_bi	™2  ->  loop_ac	§	^
loop_ac	1  ->  loop_ac_bi	™3	^
loop_ac_bi	™3  ->  loop_ac	1	>
loop_ac	0  ->  loop_ac_bi	™4	^
loop_ac_bi	™4  ->  loop_ac	0	>
loop_ac	o  ->  loop_ac_bi	™5	^
loop_ac_bi	™5  ->  loop_ac	o	>
loop_ac	i  ->  loop_ac_bi	™6	^
loop_ac_bi	™6  ->  loop_ac	i	>
helper_rj	b  ->  helper_rj_bi	™7	^
helper_rj_bi	™7  ->  rj	b	>
loop_rj	§  ->  loop_rj_bi	™8	^
loop_rj_bi	™8  ->  helper_rj	b	^
loop_rj	b  ->  loop_rj_bi	™9	^
loop_rj_bi	™9  ->  loop_rj	§	^
loop_rj	1  ->  loop_rj_bi	™10	^
loop_rj_bi	™10  ->  loop_rj	1	>
loop_rj	0  ->  loop_rj_bi	™11	^
loop_rj_bi	™11  ->  loop_rj	0	>
loop_rj	o  ->  loop_rj_bi	™12	^
loop_rj_bi	™12  ->  loop_rj	o	>
loop_rj	i  ->  loop_rj_bi	™13	^
loop_rj_bi	™13  ->  loop_rj	i	>
s	0  ->  s_bi	™14	^
s_bi	™14  ->  s	0	>
s	1  ->  s_bi	™15	^
s_bi	™15  ->  s	1	>
s	+  ->  s_bi	™16	^
s_bi	™16  ->  s	+	>
s	b  ->  s_bi	™17	^
s_bi	™17  ->  rep	b	<
rep	0  ->  rep_bi	™18	^
rep_bi	™18  ->  rep	0	<
rep	1  ->  rep_bi	™19	^
rep_bi	™19  ->  again	0	>
rep	+  ->  rep_bi	™20	^
rep_bi	™20  ->  prep	+	^
again	0  ->  again_bi	™21	^
again_bi	™21  ->  again	1	>
again	1  ->  again_bi	™22	^
again_bi	™22  ->  again	0	>
again	b  ->  again_bi	™23	^
again_bi	™23  ->  sum	b	<
sum	0  ->  sum_bi	™24	^
sum_bi	™24  ->  sum	0	<
sum	1  ->  sum_bi	™25	^
sum_bi	™25  ->  sum	1	<
sum	+  ->  sum_bi	™26	^
sum_bi	™26  ->  sub	+	<
prep	0  ->  prep_bi	™27	^
prep_bi	™27  ->  prep	b	>
prep	1  ->  prep_bi	™28	^
prep_bi	™28  ->  prep	b	>
prep	+  ->  prep_bi	™29	^
prep_bi	™29  ->  prep	b	>
prep	b  ->  prep_bi	™30	^
prep_bi	™30  ->  too	b	^
too	0  ->  too_bi	™31	^
too_bi	™31  ->  up	0	^
too	1  ->  too_bi	™32	^
too_bi	™32  ->  up	1	^
too	b  ->  too_bi	™33	^
too_bi	™33  ->  too	b	<
up	0  ->  up_bi	™34	^
up_bi	™34  ->  up	0	<
up	1  ->  up_bi	™35	^
up_bi	™35  ->  up	1	<
up	b  ->  up_bi	™36	^
up_bi	™36  ->  loop_ac	b	^
sub	0  ->  sub_bi	™37	^
sub_bi	™37  ->  push	1	>
sub	1  ->  sub_bi	™38	^
sub_bi	™38  ->  sub	1	<
sub	b  ->  sub_bi	™39	^
sub_bi	™39  ->  push	1	>
push	1  ->  push_bi	™40	^
push_bi	™40  ->  push	0	>
push	+  ->  push_bi	™41	^
push_bi	™41  ->  back	+	<
back	0  ->  back_bi	™42	^
back_bi	™42  ->  back	0	<
back	1  ->  back_bi	™43	^
back_bi	™43  ->  back	1	<
back	b  ->  back_bi	™44	^
back_bi	™44  ->  s	b	>
