start: s 
accept: ac 
reject: rj 
blank: b 
helper_ac	b  ->  helper_ac_bi	™0	^
helper_ac_bi	™0  ->  ac	b	>
loop_ac	§  ->  loop_ac_bi	™1	^
loop_ac_bi	™1  ->  helper_ac	b	^
loop_ac	b  ->  loop_ac_bi	™2	^
loop_ac_bi	™2  ->  loop_ac	§	^
loop_ac	(  ->  loop_ac_bi	™3	^
loop_ac_bi	™3  ->  loop_ac	(	>
loop_ac	)  ->  loop_ac_bi	™4	^
loop_ac_bi	™4  ->  loop_ac	)	>
loop_ac	[  ->  loop_ac_bi	™5	^
loop_ac_bi	™5  ->  loop_ac	[	>
loop_ac	]  ->  loop_ac_bi	™6	^
loop_ac_bi	™6  ->  loop_ac	]	>
helper_rj	b  ->  helper_rj_bi	™7	^
helper_rj_bi	™7  ->  rj	b	>
loop_rj	§  ->  loop_rj_bi	™8	^
loop_rj_bi	™8  ->  helper_rj	b	^
loop_rj	b  ->  loop_rj_bi	™9	^
loop_rj_bi	™9  ->  loop_rj	§	^
loop_rj	(  ->  loop_rj_bi	™10	^
loop_rj_bi	™10  ->  loop_rj	(	>
loop_rj	)  ->  loop_rj_bi	™11	^
loop_rj_bi	™11  ->  loop_rj	)	>
loop_rj	[  ->  loop_rj_bi	™12	^
loop_rj_bi	™12  ->  loop_rj	[	>
loop_rj	]  ->  loop_rj_bi	™13	^
loop_rj_bi	™13  ->  loop_rj	]	>
s	b  ->  s_bi	™14	^
s_bi	™14  ->  loop_ac	b	^
s	)  ->  s_bi	™15	^
s_bi	™15  ->  loop_rj	b	^
s	(  ->  s_bi	™16	^
s_bi	™16  ->  cl	(	>
cl	(  ->  cl_bi	™17	^
cl_bi	™17  ->  cl	(	>
cl	[  ->  cl_bi	™18	^
cl_bi	™18  ->  cl	[	>
cl	]  ->  cl_bi	™19	^
cl_bi	™19  ->  cl	]	>
cl	)  ->  cl_bi	™20	^
cl_bi	™20  ->  op	]	<
cl	b  ->  cl_bi	™21	^
cl_bi	™21  ->  check	b	<
check	]  ->  check_bi	™22	^
check_bi	™22  ->  check	)	<
check	[  ->  check_bi	™23	^
check_bi	™23  ->  check	(	<
check	)  ->  check_bi	™24	^
check_bi	™24  ->  loop_rj	b	^
check	(  ->  check_bi	™25	^
check_bi	™25  ->  loop_rj	b	^
check	b  ->  check_bi	™26	^
check_bi	™26  ->  loop_ac	b	^
op	(  ->  op_bi	™27	^
op_bi	™27  ->  cl	[	>
op	)  ->  op_bi	™28	^
op_bi	™28  ->  op	)	<
op	[  ->  op_bi	™29	^
op_bi	™29  ->  op	[	<
op	]  ->  op_bi	™30	^
op_bi	™30  ->  op	]	<
op	b  ->  op_bi	™31	^
op_bi	™31  ->  loop_rj	b	^
