start: add_s 
accept: ac 
reject: rj 
blank: b 
window	1  ->  window_bi	™71	^
surf_bi	™120  ->  delta	b	>
glow	b  ->  glow_bi	™41	^
street_bi	™45  ->  sub	j	>
check	2  ->  check_bi	™99	^
rott_bi	™65  ->  rott	1	>
jrp	0  ->  jrp_bi	™88	^
path_bi	™87  ->  path	2	>
helper_rj	b  ->  helper_rj_bi	™5	^
obj_bi	™24  ->  obj	2	>
wer_bi	™29  ->  wer	2	<
smurf	2  ->  smurf_bi	™119	^
sub	2  ->  sub_bi	™49	^
sub	1  ->  sub_bi	™48	^
wer_bi	™35  ->  glow	j	<
eps_bi	™20  ->  obj	1	>
push	1  ->  push_bi	™74	^
surf	0  ->  surf_bi	™114	^
path	1  ->  path_bi	™86	^
end	b  ->  end_bi	™104	^
glow_bi	™37  ->  glow	0	<
smurf_bi	™117  ->  smurf	0	<
add_s_bi	™12  ->  help_s	1	^
filth_bi	™33  ->  filth	2	<
redo	0  ->  redo_bi	™109	^
nint_bi	™92  ->  nint	1	>
loop_ac_bi	™3  ->  loop_ac	1	>
loop_rj_bi	™9  ->  loop_rj	0	>
wer	j  ->  wer_bi	™35	^
obj_bi	™22  ->  obj	0	>
smurf_bi	™118  ->  smurf	1	<
s_bi	™18  ->  eps	2	>
check	0  ->  check_bi	™97	^
loop_ac	1  ->  loop_ac_bi	™3	^
end	1  ->  end_bi	™95	^
main	2  ->  main_bi	™127	^
obj	0  ->  obj_bi	™22	^
s	0  ->  s_bi	™128	^
wer	2  ->  wer_bi	™29	^
loop_rj_bi	™7  ->  loop_rj	§	^
move_bi	™131  ->  move	b	>
add_s	2  ->  add_s_bi	™13	^
jrp_bi	™102  ->  restart	1	<
rott_bi	™66  ->  rott	2	>
path	2  ->  path_bi	™87	^
add_s	b  ->  add_s_bi	™11	^
forward_bi	™133  ->  forward	b	<
main_bi	™127  ->  s	2	^
restart	1  ->  restart_bi	™107	^
check	1  ->  check_bi	™98	^
nint	b  ->  nint_bi	™103	^
filth	b  ->  filth_bi	™34	^
rak	2  ->  rak_bi	™69	^
jrp_bi	™90  ->  jrp	2	>
window_bi	™72  ->  window	2	>
push	b  ->  push_bi	™81	^
turn_bi	™77  ->  path	b	>
loop_rj	b  ->  loop_rj_bi	™7	^
nint	0  ->  nint_bi	™91	^
path	0  ->  path_bi	™85	^
sub	0  ->  sub_bi	™47	^
jrp	b  ->  jrp_bi	™102	^
nint_bi	™93  ->  nint	2	>
nint_bi	™103  ->  redo	1	<
main_bi	™125  ->  s	0	^
turne	b  ->  turne_bi	™16	^
move_bi	™132  ->  forward	b	<
gloves	0  ->  gloves_bi	™39	^
wer_bi	™30  ->  wer	b	<
push_bi	™73  ->  push	0	>
surf_bi	™115  ->  surf	1	<
restart_bi	™108  ->  restart	2	<
filth	2  ->  filth_bi	™33	^
rotate	2  ->  rotate_bi	™60	^
check_bi	™97  ->  check	0	>
glow	0  ->  glow_bi	™37	^
redo	b  ->  redo_bi	™113	^
loop_rj	§  ->  loop_rj_bi	™6	^
path_bi	™86  ->  path	1	>
trone_bi	™56  ->  push	b	>
trone	b  ->  trone_bi	™57	^
sub_bi	™49  ->  delta	2	^
s	2  ->  s_bi	™18	^
eps	0  ->  eps_bi	™19	^
glow_bi	™38  ->  glow	1	<
rotate_bi	™58  ->  rotate	0	>
eps	b  ->  eps_bi	™26	^
gloves_bi	™40  ->  gloves	1	<
turn	0  ->  turn_bi	™61	^
octo_bi	™83  ->  octo	1	>
rak	1  ->  rak_bi	™68	^
eps_bi	™19  ->  eps	0	>
trone_bi	™57  ->  s	b	>
check_bi	™99  ->  check	2	>
rotate_bi	™59  ->  rotate	1	>
turne_bi	™16  ->  s	j	>
add_s_bi	™10  ->  add_s	b	>
window_bi	™71  ->  window	1	>
wer_bi	™28  ->  wer	1	<
surf_bi	™122  ->  main	j	>
end_bi	™95  ->  end	1	>
octo	b  ->  octo_bi	™100	^
gloves	b  ->  gloves_bi	™42	^
help_s	1  ->  help_s_bi	™14	^
restart	b  ->  restart_bi	™112	^
additon	b  ->  additon_bi	™137	^
check_bi	™105  ->  redo	2	<
trone	1  ->  trone_bi	™55	^
obj	b  ->  obj_bi	™25	^
turn_bi	™63  ->  turn	2	>
redo_bi	™111  ->  redo	2	<
end	2  ->  end_bi	™96	^
main_bi	™124  ->  main	b	>
helper_rj_bi	™5  ->  rj	b	>
eps	1  ->  eps_bi	™20	^
smurf	j  ->  smurf_bi	™123	^
forward	b  ->  forward_bi	™133	^
jrp_bi	™89  ->  jrp	1	>
restart	2  ->  restart_bi	™108	^
end_bi	™96  ->  end	2	>
street_bi	™43  ->  street	0	>
loop_rj_bi	™6  ->  helper_rj	b	^
main	1  ->  main_bi	™126	^
wer	1  ->  wer_bi	™28	^
turn_bi	™61  ->  turn	0	>
filth_bi	™34  ->  filth	b	<
window	b  ->  window_bi	™80	^
glow	1  ->  glow_bi	™38	^
additon	1  ->  additon_bi	™136	^
filth_bi	™31  ->  filth	0	<
filth_bi	™32  ->  filth	1	<
eps_bi	™26  ->  wer	b	<
turn	b  ->  turn_bi	™77	^
rak_bi	™79  ->  nint	b	>
redo_bi	™113  ->  smurf	b	<
path	b  ->  path_bi	™101	^
street	1  ->  street_bi	™44	^
delta	b  ->  delta_bi	™53	^
additon_bi	™135  ->  additon	0	<
main	b  ->  main_bi	™124	^
surf	j  ->  surf_bi	™122	^
check	b  ->  check_bi	™105	^
loop_ac_bi	™4  ->  loop_ac	0	>
sub_bi	™47  ->  delta	0	^
restart	0  ->  restart_bi	™106	^
jrp_bi	™88  ->  jrp	0	>
loop_ac	§  ->  loop_ac_bi	™1	^
octo	1  ->  octo_bi	™83	^
filth	0  ->  filth_bi	™31	^
move	b  ->  move_bi	™132	^
s_bi	™17  ->  obj	1	>
turn	2  ->  turn_bi	™63	^
nint	1  ->  nint_bi	™92	^
glow_bi	™41  ->  street	0	>
street_bi	™44  ->  street	1	>
path_bi	™101  ->  redo	0	<
redo_bi	™110  ->  redo	1	<
redo_bi	™109  ->  redo	0	<
wer	b  ->  wer_bi	™30	^
push_bi	™75  ->  push	2	>
path_bi	™85  ->  path	0	>
smurf	1  ->  smurf_bi	™118	^
sub	b  ->  sub_bi	™46	^
eps_bi	™21  ->  eps	2	>
gloves_bi	™42  ->  street	1	>
eps	2  ->  eps_bi	™21	^
push_bi	™81  ->  check	b	>
surf	b  ->  surf_bi	™120	^
rotate	0  ->  rotate_bi	™58	^
delta_bi	™51  ->  turn	b	>
push	2  ->  push_bi	™75	^
restart_bi	™107  ->  restart	1	<
move_bi	™129  ->  s	1	^
sub_bi	™46  ->  sub	b	>
rott	1  ->  rott_bi	™65	^
trone	0  ->  trone_bi	™54	^
window	2  ->  window_bi	™72	^
delta	0  ->  delta_bi	™50	^
loop_ac	b  ->  loop_ac_bi	™2	^
help_s_bi	™15  ->  turne	2	<
main_bi	™126  ->  s	1	^
rotate	1  ->  rotate_bi	™59	^
nint	2  ->  nint_bi	™93	^
additon_bi	™137  ->  loop_ac	b	^
rak_bi	™68  ->  rak	1	>
add_s	0  ->  add_s_bi	™10	^
rotate_bi	™76  ->  octo	b	>
sub_bi	™48  ->  delta	1	^
helper_ac	b  ->  helper_ac_bi	™0	^
turn_bi	™62  ->  turn	1	>
redo	1  ->  redo_bi	™110	^
forward_bi	™134  ->  additon	b	<
smurf	0  ->  smurf_bi	™117	^
window	0  ->  window_bi	™70	^
surf_bi	™114  ->  surf	0	<
delta_bi	™53  ->  s	b	>
filth	1  ->  filth_bi	™32	^
nint_bi	™91  ->  nint	0	>
octo_bi	™84  ->  octo	2	>
push	0  ->  push_bi	™73	^
trone_bi	™55  ->  window	b	>
octo	2  ->  octo_bi	™84	^
delta	2  ->  delta_bi	™52	^
loop_ac	0  ->  loop_ac_bi	™4	^
rak	b  ->  rak_bi	™79	^
end	0  ->  end_bi	™94	^
surf_bi	™116  ->  surf	2	<
add_s_bi	™13  ->  help_s	2	^
add_s	1  ->  add_s_bi	™12	^
jrp	2  ->  jrp_bi	™90	^
trone_bi	™54  ->  rak	b	>
smurf	b  ->  smurf_bi	™121	^
gloves	1  ->  gloves_bi	™40	^
delta	1  ->  delta_bi	™51	^
main	0  ->  main_bi	™125	^
window_bi	™70  ->  window	0	>
rott_bi	™64  ->  rott	0	>
s_bi	™128  ->  move	b	>
rak_bi	™67  ->  rak	0	>
rotate_bi	™60  ->  rotate	2	>
rott	2  ->  rott_bi	™66	^
additon_bi	™136  ->  additon	1	<
add_s_bi	™11  ->  loop_ac	0	<
help_s	2  ->  help_s_bi	™15	^
help_s_bi	™14  ->  turne	1	<
rak	0  ->  rak_bi	™67	^
jrp	1  ->  jrp_bi	™89	^
rotate	b  ->  rotate_bi	™76	^
delta_bi	™52  ->  rott	b	>
obj_bi	™25  ->  filth	b	<
octo	0  ->  octo_bi	™82	^
wer_bi	™27  ->  wer	0	<
redo	2  ->  redo_bi	™111	^
move	1  ->  move_bi	™129	^
helper_ac_bi	™0  ->  ac	b	>
end_bi	™94  ->  end	0	>
trone	2  ->  trone_bi	™56	^
rott	0  ->  rott_bi	™64	^
end_bi	™104  ->  restart	2	<
filth	j  ->  filth_bi	™36	^
street	0  ->  street_bi	™43	^
loop_rj	0  ->  loop_rj_bi	™9	^
obj	2  ->  obj_bi	™24	^
restart_bi	™112  ->  surf	b	<
window_bi	™80  ->  end	b	>
smurf_bi	™123  ->  main	j	>
delta_bi	™50  ->  rotate	b	>
move	2  ->  move_bi	™130	^
additon	0  ->  additon_bi	™135	^
surf	1  ->  surf_bi	™115	^
restart_bi	™106  ->  restart	0	<
gloves_bi	™39  ->  gloves	0	<
filth_bi	™36  ->  gloves	j	<
rott	b  ->  rott_bi	™78	^
move	0  ->  move_bi	™131	^
move_bi	™130  ->  s	2	^
loop_rj	1  ->  loop_rj_bi	™8	^
push_bi	™74  ->  push	1	>
smurf_bi	™121  ->  trone	b	>
octo_bi	™82  ->  octo	0	>
forward	j  ->  forward_bi	™134	^
octo_bi	™100  ->  restart	0	<
rott_bi	™78  ->  jrp	b	>
check_bi	™98  ->  check	1	>
rak_bi	™69  ->  rak	2	>
loop_ac_bi	™2  ->  loop_ac	§	^
turn	1  ->  turn_bi	™62	^
s	1  ->  s_bi	™17	^
wer	0  ->  wer_bi	™27	^
obj	1  ->  obj_bi	™23	^
obj_bi	™23  ->  eps	1	>
loop_ac_bi	™1  ->  helper_ac	b	^
street	j  ->  street_bi	™45	^
loop_rj_bi	™8  ->  loop_rj	1	>
surf	2  ->  surf_bi	™116	^
smurf_bi	™119  ->  smurf	2	<
