start: s 
accept: ac 
reject: rj 
blank: b 
hoshi	1  ->  hoshi_bi	™34	^
paris	0  ->  paris	b	>
theeee	b  ->  pif	1	<
slover	i  ->  hiros	0	<
giant	2  ->  giant_bi	™71	^
repeater	x  ->  repeater_bi	™18	^
glober	i  ->  glober_bi	™20	^
mult1	$  ->  mult1_bi	™48	^
genki_bi	™32  ->  automatic	1	<
giant	!  ->  giant	!	>
repe_bi	™96  ->  repe	!	>
nemo	j  ->  nemo	j	<
pif	i  ->  pif	i	<
s	1  ->  s_bi	™1	^
ford	b  ->  push	1	^
gother	2  ->  gother_bi	™12	^
golf	1  ->  golf	1	<
tired	2  ->  tired	2	<
slover_bi	™59  ->  hiros	1	<
repe_bi	™94  ->  repe	2	>
while	1  ->  tired	1	^
xeno	i  ->  xeno	i	>
xeno	2  ->  xeno_bi	™23	^
repeater	i  ->  repeater	i	>
tokee	$  ->  tokee	$	>
clear	1  ->  clear	1	>
gother	0  ->  gother	0	>
library_bi	™38  ->  giant	b	>
summer	!  ->  weak	!	<
nemo_bi	™44  ->  nemo	!	<
fantasy	!  ->  fantasy_bi	™53	^
pif	2  ->  pif_bi	™86	^
slover	$  ->  hiros	!	<
giant	1  ->  giant	1	>
dubber	1  ->  repe	b	>
global_bi	™55  ->  global	j	>
mult1	2  ->  mult1	2	>
chuker_bi	™113  ->  chuker	b	<
push	j  ->  push	j	>
peston_bi	™75  ->  peston	1	<
repeat	0  ->  gother	i	>
keber_bi	™119  ->  froggy	b	^
chuker	b  ->  chuker_bi	™113	^
keber	!  ->  keber	!	<
mega_bi	™63  ->  add_s	!	<
gother	1  ->  gother	1	>
mega_bi	™64  ->  mega	!	<
paris	x  ->  paris_bi	™79	^
bibb	0  ->  bibb	b	<
chuker	0  ->  chuker	b	<
tokee	x  ->  tokee_bi	™101	^
clear	x  ->  clear	x	>
keber	*  ->  keber_bi	™116	^
lazy	*  ->  lazy	*	>
mega	$  ->  mega_bi	™63	^
mult1_bi	™48  ->  mult1	$	>
fantasy_bi	™51  ->  fantasy	2	>
golf_bi	™15  ->  gother	b	>
hoshi	2  ->  hoshi_bi	™35	^
chuker	*  ->  keber	b	<
hoshi	$  ->  hoshi_bi	™37	^
mult	!  ->  mult	!	>
tired	j  ->  tired_bi	™107	^
peston	j  ->  peston	j	<
gooob_bi	™7  ->  gooob	1	<
mask	0  ->  mask_bi	™46	^
clear	j  ->  clear_bi	™112	^
glober	b  ->  xeno	b	^
fantasy	2  ->  fantasy_bi	™51	^
mult1	1  ->  mult1	1	>
mega	0  ->  mega	0	<
mult1_bi	™47  ->  mult1	b	>
lazy	0  ->  lazy_bi	™66	^
pif	*  ->  pif_bi	™85	^
fantasy_bi	™50  ->  fantasy	*	>
hoshi	x  ->  hoshi	x	<
peston	!  ->  peston	!	<
peppa	b  ->  peppa_bi	™97	^
giant_bi	™74  ->  giant	x	>
keber	$  ->  keber	$	<
golf_bi	™14  ->  repeat	1	>
global	$  ->  global	$	>
basta	!  ->  basta_bi	™90	^
clear_bi	™112  ->  clear	j	>
loop_ac	0  ->  loop_ac	0	>
repe	!  ->  repe_bi	™96	^
conti	1  ->  genki	j	>
push	i  ->  push	i	>
clear	$  ->  clear	$	>
mask	x  ->  mask	x	<
xeno	1  ->  xeno	1	>
gooob	0  ->  gooob_bi	™6	^
sabana	1  ->  sabana	1	>
hoshi_bi	™35  ->  hoshi	2	<
glober	1  ->  glober	1	<
basta	x  ->  basta_bi	™92	^
tokee_bi	™98  ->  tokee	0	>
nemo	1  ->  nemo	1	<
dworak	0  ->  dworak_bi	™102	^
repeat_bi	™10  ->  gother	+	>
sabana_bi	™28  ->  sabana	0	>
sabana	b  ->  sabana_bi	™29	^
push	b  ->  svetov	b	^
slover_bi	™58  ->  slover	1	<
while	0  ->  while	0	<
pif	$  ->  pif	$	<
global	2  ->  global_bi	™54	^
supreme	i  ->  supreme_bi	™60	^
mult1	b  ->  mult1_bi	™47	^
basta_bi	™88  ->  basta	0	>
lazy	b  ->  lazy	b	>
fantasy	$  ->  fantasy_bi	™52	^
peston	i  ->  peston	i	<
xeno_bi	™26  ->  conti	*	^
weak_bi	™68  ->  weak	0	<
genki	b  ->  genki_bi	™32	^
dubber_bi	™82  ->  dubber	b	>
keber_bi	™118  ->  keber	j	<
supreme	j  ->  supreme_bi	™61	^
slover	j  ->  slover_bi	™59	^
lazy	x  ->  lazy	x	>
basta_bi	™91  ->  basta	$	>
paris_bi	™79  ->  paris	b	>
giant	*  ->  giant	*	>
repeat_bi	™9  ->  repeat	b	>
nemo_bi	™45  ->  mask	x	^
sabana	0  ->  sabana_bi	™28	^
xeno_bi	™23  ->  xeno	2	>
forward_bi	™2  ->  ford	*	<
supreme_bi	™60  ->  summer	0	<
basta	2  ->  basta	2	>
mult	*  ->  mult	*	>
tired	!  ->  tired_bi	™108	^
library	*  ->  library	*	<
reformer	1  ->  tokee	1	^
oshig_bi	™109  ->  push	b	>
lazy	$  ->  lazy	$	>
glober	x  ->  glober	x	<
keber	b  ->  keber_bi	™119	^
keber_bi	™114  ->  keber	0	<
basta	i  ->  basta	i	>
dubber_bi	™83  ->  reformer	b	>
mult	2  ->  mult	2	>
automatic	1  ->  automatic	1	<
hoshi	0  ->  hoshi_bi	™33	^
basta_bi	™90  ->  basta	!	>
giant_bi	™73  ->  giant	$	>
fantasy	j  ->  fantasy	j	>
tokee	!  ->  tokee	!	>
repeater	2  ->  repeater_bi	™16	^
weak	0  ->  weak_bi	™68	^
conti_bi	™27  ->  conti	*	>
peston	2  ->  peston_bi	™76	^
gooob	2  ->  gooob	2	<
global	0  ->  global	0	>
gother	!  ->  gother	!	>
chuker	1  ->  chuker	b	<
nemo	*  ->  nemo	*	<
paris	b  ->  paris	b	>
glober	*  ->  glober	*	<
mult	$  ->  mult	$	>
mask_bi	™46  ->  library	0	^
clear	i  ->  clear_bi	™111	^
gother	j  ->  gother	j	>
global_bi	™54  ->  global	2	>
paris	*  ->  paris_bi	™80	^
mult	j  ->  mult	j	>
repeat	*  ->  repeat_bi	™10	^
supreme	!  ->  supreme	!	>
nemo	2  ->  nemo_bi	™42	^
nemo	$  ->  nemo	$	<
giant	b  ->  bibb	b	^
global_bi	™56  ->  summer	b	^
mega	j  ->  mega_bi	™62	^
giant	0  ->  giant	0	>
keber	x  ->  keber	x	<
keber_bi	™117  ->  keber	i	<
fantasy	1  ->  fantasy	1	>
loop_rj	§  ->  loop_rj_bi	™0	^
keber_bi	™116  ->  keber	*	<
gooob	i  ->  gooob	i	<
glober	j  ->  glober	j	<
gother	$  ->  gother	$	>
while	*  ->  while_bi	™104	^
gother	b  ->  settor	b	^
lazy	j  ->  lazy_bi	™67	^
fantasy	i  ->  fantasy	i	>
xeno	0  ->  xeno_bi	™22	^
keber	0  ->  keber_bi	™114	^
bibb	b  ->  bibb	b	<
fantasy	b  ->  fantasy	b	>
pif	x  ->  pif	x	<
clear	2  ->  clear_bi	™110	^
glober_bi	™20  ->  glober	i	<
peston	1  ->  peston_bi	™75	^
lazy	1  ->  lazy	1	>
peston	b  ->  peston_bi	™78	^
basta_bi	™89  ->  basta	j	>
glober	2  ->  glober	2	<
mega	!  ->  mega_bi	™64	^
repeater_bi	™19  ->  valuer	b	^
basta	0  ->  basta_bi	™88	^
repeat	1  ->  gother	j	>
genki	1  ->  genki_bi	™30	^
tired_bi	™106  ->  tired	*	<
push_bi	™3  ->  push	0	>
gother	x  ->  gother_bi	™13	^
library	1  ->  mult1	x	^
push	*  ->  push	*	>
nemo	b  ->  nemo	b	<
basta	b  ->  peppa	b	^
gother_bi	™12  ->  gother	2	>
pif	b  ->  dubber	b	^
golf	j  ->  golf_bi	™14	^
mult1	i  ->  mult1	i	>
automatic	j  ->  conti	1	>
tired	x  ->  tired	x	<
hiros	0  ->  supreme	i	>
obhad	1  ->  obhad_bi	™65	^
loop_rj_bi	™0  ->  helper_rj	b	^
loop_rj	b  ->  loop_rj	§	^
giant	i  ->  giant_bi	™72	^
weak	j  ->  weak	1	<
repeat	b  ->  repeat_bi	™9	^
global	!  ->  global	!	>
repe_bi	™93  ->  repe	*	>
repe	j  ->  repe	j	>
pif	!  ->  pif	!	<
s_bi	™1  ->  forward	1	<
giant	$  ->  giant_bi	™73	^
golf	+  ->  repeat	*	>
mult1	!  ->  third	!	^
peston	0  ->  peston	0	<
mult1	0  ->  mult1	0	>
hoshi	b  ->  hoshi_bi	™36	^
repeater	0  ->  repeater	0	>
genki_bi	™30  ->  genki	1	>
weak	!  ->  weak_bi	™70	^
repeater	b  ->  repeater_bi	™19	^
keber	1  ->  keber_bi	™115	^
hoshi	!  ->  hoshi	!	<
peston_bi	™77  ->  peston	x	<
loop_ac	b  ->  loop_ac	§	^
obhad	0  ->  lazy	1	>
supreme	1  ->  supreme	1	>
fantasy_bi	™53  ->  bubent	!	^
genki	0  ->  genki	0	>
summer_bi	™57  ->  slover	i	<
tired_bi	™105  ->  tired	0	<
genki	!  ->  genki_bi	™31	^
mult_bi	™39  ->  mult	1	>
push	1  ->  push	1	>
dubber_bi	™81  ->  basta	b	>
golf	i  ->  repeat	0	>
global	j  ->  global_bi	™55	^
glober_bi	™21  ->  glober	$	<
oshig	b  ->  oshig_bi	™109	^
basta_bi	™92  ->  basta	x	>
lazy	i  ->  lazy	i	>
third	!  ->  fantasy	!	>
gooob	$  ->  gooob	$	<
add_s	0  ->  supreme	j	>
tokee	j  ->  tokee_bi	™100	^
golf	b  ->  golf_bi	™15	^
pif_bi	™85  ->  pif	*	<
glober	$  ->  glober_bi	™21	^
forward	b  ->  forward_bi	™2	^
bibb	1  ->  bibb	b	<
tokee	i  ->  tokee	i	>
repeater_bi	™17  ->  repeater	$	>
mega	i  ->  add_s	0	<
paris_bi	™80  ->  dubber	b	>
peston	*  ->  peston	*	<
lazy_bi	™66  ->  lazy	0	>
automatic	0  ->  automatic	0	<
gother	*  ->  gother	*	>
gooob	*  ->  gooob_bi	™8	^
repe	*  ->  repe_bi	™93	^
keber	2  ->  keber	2	<
automatic	!  ->  automatic	!	<
supreme	0  ->  supreme	0	>
hoshi	j  ->  hoshi	j	<
gooob	1  ->  gooob_bi	™7	^
hoshi	i  ->  hoshi	i	<
fantasy_bi	™52  ->  fantasy	$	>
loop_rj	1  ->  loop_rj	1	>
hoshi_bi	™37  ->  hoshi	$	<
pif	j  ->  pif_bi	™87	^
dworak_bi	™102  ->  dworak	0	<
golf	*  ->  golf	*	<
global	*  ->  global	*	>
peston_bi	™78  ->  paris	b	^
s	0  ->  forward	0	<
tokee	0  ->  tokee_bi	™98	^
mult	x  ->  mult_bi	™41	^
memo	b  ->  nemo	0	<
mult_bi	™41  ->  mult	x	>
tired	$  ->  tired	$	<
slover	1  ->  slover_bi	™58	^
global	b  ->  global_bi	™56	^
lazy	2  ->  lazy	2	>
push	!  ->  push_bi	™4	^
gother	i  ->  gother	i	>
giant_bi	™71  ->  giant	2	>
repeat	!  ->  repeat_bi	™11	^
golf	!  ->  golf	!	<
conti	0  ->  sabana	i	>
gother_bi	™13  ->  gother	x	>
nemo	x  ->  nemo_bi	™45	^
reformer	0  ->  reformer	b	>
fantasy	x  ->  fantasy	x	>
nemo_bi	™42  ->  nemo	2	<
pif	0  ->  pif	0	<
mult	1  ->  mult_bi	™39	^
xeno	x  ->  xeno_bi	™25	^
mult1_bi	™49  ->  mult1	x	>
xeno	*  ->  xeno_bi	™26	^
slover	!  ->  slover	!	<
pif_bi	™87  ->  pif	j	<
mult1	*  ->  mult1	*	>
keber	i  ->  keber_bi	™117	^
summer	1  ->  mega	j	<
dworak	b  ->  dworak	b	<
global	i  ->  global	i	>
mask	b  ->  library	b	^
clear	*  ->  clear	*	>
paris	1  ->  paris	b	>
keber_bi	™115  ->  keber	1	<
glober	0  ->  glober	0	<
repe	i  ->  repe_bi	™95	^
clear	0  ->  clear	0	>
weak_bi	™70  ->  mult	!	^
fantasy	*  ->  fantasy_bi	™50	^
hoshi_bi	™33  ->  hoshi	0	<
tired	1  ->  tired	1	<
conti	*  ->  conti_bi	™27	^
sabana_bi	™29  ->  automatic	0	<
slover	0  ->  slover	0	<
repeater	1  ->  repeater	1	>
tokee_bi	™100  ->  tokee	j	>
basta	*  ->  basta	*	>
froggy	b  ->  loop_ac	b	^
peston_bi	™76  ->  peston	2	<
hoshi_bi	™34  ->  hoshi	1	<
tired_bi	™107  ->  tired	j	<
lazy_bi	™67  ->  lazy	j	>
mask	1  ->  library	1	^
supreme_bi	™61  ->  summer	1	<
giant	j  ->  giant	j	>
push	$  ->  push	$	>
tired	0  ->  tired_bi	™105	^
summer	0  ->  summer_bi	™57	^
mult	i  ->  mult_bi	™40	^
hiros	1  ->  supreme	j	>
mega	1  ->  mega	1	<
keber	j  ->  keber_bi	™118	^
weak_bi	™69  ->  weak	1	<
helper_rj	b  ->  rj	b	>
dubber	!  ->  dubber_bi	™83	^
tokee	b  ->  dworak	b	^
tired	i  ->  tired	i	<
repeater	j  ->  repeater	j	>
push	x  ->  push_bi	™5	^
mult1	x  ->  mult1_bi	™49	^
lazy	!  ->  supreme	!	^
nemo	!  ->  nemo_bi	™44	^
library	b  ->  library_bi	™38	^
tokee	1  ->  tokee	1	>
golf	0  ->  golf	0	<
repeat_bi	™11  ->  repeater	!	>
gooob	j  ->  gooob	j	<
fantasy	0  ->  fantasy	0	>
peston	x  ->  peston_bi	™77	^
repe	1  ->  repe	1	>
loop_ac	§  ->  helper_ac	b	^
loop_ac	1  ->  loop_ac	1	>
genki_bi	™31  ->  genki	!	>
peppa_bi	™97  ->  pif	0	<
clear	b  ->  chuker	b	^
edclub	0  ->  edclub	1	>
pif	1  ->  pif_bi	™84	^
repe	x  ->  repe	x	>
pif_bi	™86  ->  pif	2	<
push_bi	™5  ->  push	x	>
tokee_bi	™101  ->  tokee	x	>
giant	x  ->  giant_bi	™74	^
mult1	j  ->  mult1	j	>
basta	1  ->  basta	1	>
edclub	b  ->  while	b	<
dworak_bi	™103  ->  edclub	0	>
xeno_bi	™24  ->  xeno	b	>
repeater_bi	™16  ->  repeater	2	>
dubber	0  ->  dubber_bi	™81	^
repe	b  ->  theeee	b	^
xeno	$  ->  xeno	$	>
gooob_bi	™8  ->  gooob	*	<
xeno	j  ->  xeno	j	>
nemo	i  ->  nemo_bi	™43	^
gooob	x  ->  gooob	x	<
clear	!  ->  clear	!	>
push_bi	™4  ->  push	!	>
clear_bi	™110  ->  clear	2	>
tokee	*  ->  tokee	*	>
mult	b  ->  memo	b	^
xeno_bi	™22  ->  xeno	0	>
tired	*  ->  tired_bi	™106	^
gooob	b  ->  repeat	b	^
push	0  ->  push_bi	™3	^
giant_bi	™72  ->  giant	i	>
settor	b  ->  golf	0	<
repe	$  ->  repe	$	>
repeater_bi	™18  ->  repeater	x	>
mult	0  ->  mult	0	>
bubent	!  ->  global	$	>
repe	0  ->  repe	0	>
while_bi	™104  ->  clear	*	^
tired_bi	™108  ->  tired	!	<
xeno	!  ->  xeno	!	>
dworak	1  ->  dworak_bi	™103	^
gooob_bi	™6  ->  gooob	0	<
tokee	2  ->  tokee_bi	™99	^
loop_rj	0  ->  loop_rj	0	>
mult_bi	™40  ->  mult	i	>
valuer	b  ->  glober	!	^
mega_bi	™62  ->  add_s	1	<
basta	j  ->  basta_bi	™89	^
repeater	$  ->  repeater_bi	™17	^
svetov	b  ->  gooob	!	^
basta	$  ->  basta_bi	™91	^
hoshi_bi	™36  ->  hoshi	b	<
dubber	b  ->  dubber_bi	™82	^
nemo_bi	™43  ->  nemo	i	<
add_s	1  ->  obhad	i	<
helper_ac	b  ->  ac	b	>
weak	i  ->  weak	0	<
library	0  ->  mult	x	^
obhad_bi	™65  ->  obhad	0	<
automatic	i  ->  conti	0	>
gooob	!  ->  gooob	!	<
repeater	!  ->  repeater	!	>
glober	!  ->  glober	!	<
push	2  ->  push	2	>
weak	1  ->  weak_bi	™69	^
bibb	!  ->  peston	*	<
sabana	!  ->  sabana	!	>
global	x  ->  global	x	>
global	1  ->  global	1	>
summer	b  ->  summer	b	<
nemo	0  ->  nemo	0	<
xeno_bi	™25  ->  xeno	x	>
conti	!  ->  hoshi	!	>
repeater	*  ->  repeater	*	>
repe	2  ->  repe_bi	™94	^
tired	b  ->  oshig	b	^
hoshi	*  ->  library	*	^
peston	$  ->  peston	$	<
pif_bi	™84  ->  pif	1	<
repe_bi	™95  ->  repe	i	>
tokee_bi	™99  ->  tokee	2	>
clear_bi	™111  ->  clear	i	>
xeno	b  ->  xeno_bi	™24	^
