3
S	a	_	_  ->  S_bi	™7	^	™7	^	™7	^
adver	0	_	o  ->  adver_bi	™35	^	™35	^	™35	^
san	a	_	_  ->  san_bi	™18	^	™18	^	™18	^
multip_bi	™41	™41	™41  ->  funct	_	<	_	^	a	^
mutate	1	_	a  ->  mutate_bi	™46	^	™46	^	™46	^
adver_bi	™35	™35	™35  ->  adfiction	_	<	_	^	o	^
stateless	)	a	_  ->  stateless_bi	™20	^	™20	^	™20	^
state_bi	™24	™24	™24  ->  gross	_	^	_	^	_	<
multip	1	_	a  ->  multip_bi	™42	^	™42	^	™42	^
helper_ac_bi	™3	™3	™3  ->  AC	1	^	_	^	_	^
S	o	_	_  ->  S_bi	™6	^	™6	^	™6	^
gross_bi	™25	™25	™25  ->  gross	_	^	_	^	0	<
string_bi	™30	™30	™30  ->  string	0	>	_	^	_	>
soltac_bi	™13	™13	™13  ->  soltac	o	^	(	>	_	^
loop_ac	1	_	_  ->  loop_ac_bi	™2	^	™2	^	™2	^
S	)	_	_  ->  S_bi	™9	^	™9	^	™9	^
adver	1	_	o  ->  adver_bi	™36	^	™36	^	™36	^
adfiction	0	_	o  ->  adfiction_bi	™37	^	™37	^	™37	^
helper_ac	0	§	§  ->  helper_ac_bi	™1	^	™1	^	™1	^
state_bi	™22	™22	™22  ->  state	_	^	_	<	o	>
soltac	o	a	_  ->  soltac_bi	™12	^	™12	^	™12	^
state_bi	™23	™23	™23  ->  state	_	^	_	<	a	>
helper_ac_bi	™1	™1	™1  ->  AC	0	^	_	^	_	^
aditin	0	_	o  ->  aditin_bi	™39	^	™39	^	™39	^
S_bi	™6	™6	™6  ->  soltac	o	^	_	<	_	^
string_bi	™34	™34	™34  ->  loop_ac	_	<	_	^	_	^
loop_ac	0	_	_  ->  loop_ac_bi	™0	^	™0	^	™0	^
gross_bi	™29	™29	™29  ->  string	_	^	_	^	_	>
S_bi	™4	™4	™4  ->  S	_	>	_	^	0	>
multip	0	_	a  ->  multip_bi	™41	^	™41	^	™41	^
S	(	_	_  ->  S_bi	™8	^	™8	^	™8	^
S_bi	™10	™10	™10  ->  state	_	^	_	<	_	^
san_bi	™15	™15	™15  ->  san	a	^	o	>	_	^
stateless_bi	™19	™19	™19  ->  stateless	)	^	_	<	o	>
string	_	_	_  ->  string_bi	™34	^	™34	^	™34	^
gross	_	_	0  ->  gross_bi	™25	^	™25	^	™25	^
string	_	_	o  ->  string_bi	™32	^	™32	^	™32	^
S_bi	™7	™7	™7  ->  san	a	^	_	<	_	^
state	_	a	_  ->  state_bi	™23	^	™23	^	™23	^
string	_	_	a  ->  string_bi	™33	^	™33	^	™33	^
string	_	_	0  ->  string_bi	™30	^	™30	^	™30	^
stateless_bi	™21	™21	™21  ->  S	_	>	_	^	_	^
adver_bi	™36	™36	™36  ->  aditin	_	<	_	^	o	^
soltac	o	_	_  ->  soltac_bi	™14	^	™14	^	™14	^
aditin_bi	™39	™39	™39  ->  string	1	>	_	^	_	>
loop_ac_bi	™2	™2	™2  ->  helper_ac	1	^	§	^	§	^
state	_	_	_  ->  state_bi	™24	^	™24	^	™24	^
S	_	_	_  ->  S_bi	™10	^	™10	^	™10	^
adfiction_bi	™38	™38	™38  ->  string	1	>	_	^	_	>
string_bi	™32	™32	™32  ->  adver	_	<	_	^	o	^
funct	1	_	a  ->  funct_bi	™44	^	™44	^	™44	^
loop_ac_bi	™0	™0	™0  ->  helper_ac	0	^	§	^	§	^
aditin	1	_	o  ->  aditin_bi	™40	^	™40	^	™40	^
S_bi	™5	™5	™5  ->  S	_	>	_	^	1	>
adfiction	1	_	o  ->  adfiction_bi	™38	^	™38	^	™38	^
gross_bi	™27	™27	™27  ->  gross	_	^	_	^	o	<
soltac	o	o	_  ->  soltac_bi	™11	^	™11	^	™11	^
soltac	o	(	_  ->  soltac_bi	™13	^	™13	^	™13	^
san	a	o	_  ->  san_bi	™15	^	™15	^	™15	^
mutate_bi	™46	™46	™46  ->  string	1	>	_	^	_	>
adfiction_bi	™37	™37	™37  ->  string	0	>	_	^	_	>
stateless	)	o	_  ->  stateless_bi	™19	^	™19	^	™19	^
funct_bi	™44	™44	™44  ->  string	0	>	_	^	_	>
multip_bi	™42	™42	™42  ->  mutate	_	<	_	^	a	^
stateless_bi	™20	™20	™20  ->  stateless	)	^	_	<	a	>
gross	_	_	_  ->  gross_bi	™29	^	™29	^	™29	^
S	1	_	_  ->  S_bi	™5	^	™5	^	™5	^
helper_ac	1	§	§  ->  helper_ac_bi	™3	^	™3	^	™3	^
soltac_bi	™14	™14	™14  ->  S	_	>	o	>	_	^
funct	0	_	a  ->  funct_bi	™43	^	™43	^	™43	^
S_bi	™9	™9	™9  ->  stateless	)	^	_	<	_	^
string	_	_	1  ->  string_bi	™31	^	™31	^	™31	^
stateless	)	(	_  ->  stateless_bi	™21	^	™21	^	™21	^
san_bi	™17	™17	™17  ->  san	a	^	(	>	_	^
string_bi	™33	™33	™33  ->  multip	_	<	_	^	a	^
san	a	a	_  ->  san_bi	™16	^	™16	^	™16	^
soltac_bi	™11	™11	™11  ->  soltac	o	^	_	<	o	>
state	_	o	_  ->  state_bi	™22	^	™22	^	™22	^
gross	_	_	1  ->  gross_bi	™26	^	™26	^	™26	^
mutate_bi	™45	™45	™45  ->  string	0	>	_	^	_	>
gross_bi	™28	™28	™28  ->  gross	_	^	_	^	a	<
S	0	_	_  ->  S_bi	™4	^	™4	^	™4	^
string_bi	™31	™31	™31  ->  string	1	>	_	^	_	>
gross	_	_	a  ->  gross_bi	™28	^	™28	^	™28	^
san_bi	™18	™18	™18  ->  S	_	>	a	>	_	^
S_bi	™8	™8	™8  ->  S	_	>	(	>	_	^
mutate	0	_	a  ->  mutate_bi	™45	^	™45	^	™45	^
gross_bi	™26	™26	™26  ->  gross	_	^	_	^	1	<
gross	_	_	o  ->  gross_bi	™27	^	™27	^	™27	^
san_bi	™16	™16	™16  ->  san	a	^	_	<	a	>
funct_bi	™43	™43	™43  ->  string	0	>	_	^	_	>
aditin_bi	™40	™40	™40  ->  string	1	>	_	^	_	>
san	a	(	_  ->  san_bi	™17	^	™17	^	™17	^
soltac_bi	™12	™12	™12  ->  soltac	o	^	_	<	a	>
