start: s 
accept: ac 
reject: rj 
blank: b 
helper_ac	b  ->  helper_ac_bi	™0	^
helper_ac_bi	™0  ->  ac	b	>
loop_ac	§  ->  loop_ac_bi	™1	^
loop_ac_bi	™1  ->  helper_ac	b	^
loop_ac	b  ->  loop_ac_bi	™2	^
loop_ac_bi	™2  ->  loop_ac	§	^
loop_ac	1  ->  loop_ac_bi	™3	^
loop_ac_bi	™3  ->  loop_ac	1	>
loop_ac	0  ->  loop_ac_bi	™4	^
loop_ac_bi	™4  ->  loop_ac	0	>
helper_rj	b  ->  helper_rj_bi	™5	^
helper_rj_bi	™5  ->  rj	b	>
loop_rj	§  ->  loop_rj_bi	™6	^
loop_rj_bi	™6  ->  helper_rj	b	^
loop_rj	b  ->  loop_rj_bi	™7	^
loop_rj_bi	™7  ->  loop_rj	§	^
loop_rj	1  ->  loop_rj_bi	™8	^
loop_rj_bi	™8  ->  loop_rj	1	>
loop_rj	0  ->  loop_rj_bi	™9	^
loop_rj_bi	™9  ->  loop_rj	0	>
s	0  ->  s_bi	™10	^
s_bi	™10  ->  forward	o	>
s	1  ->  s_bi	™11	^
s_bi	™11  ->  forward	i	>
s	<  ->  s_bi	™12	^
s_bi	™12  ->  close	<	>
close	1  ->  close_bi	™13	^
close_bi	™13  ->  loop_ac	b	^
close	u  ->  close_bi	™14	^
close_bi	™14  ->  retire	u	<
close	j  ->  close_bi	™15	^
close_bi	™15  ->  retire	j	<
retire	<  ->  retire_bi	™16	^
retire_bi	™16  ->  retire	<	<
retire	o  ->  retire_bi	™17	^
retire_bi	™17  ->  retire	o	<
retire	i  ->  retire_bi	™18	^
retire_bi	™18  ->  retire	i	<
retire	0  ->  retire_bi	™19	^
retire_bi	™19  ->  change	0	>
retire	1  ->  retire_bi	™20	^
retire_bi	™20  ->  change	1	>
retire	b  ->  retire_bi	™21	^
retire_bi	™21  ->  change	b	>
change	o  ->  change_bi	™22	^
change_bi	™22  ->  swap	0	>
change	i  ->  change_bi	™23	^
change_bi	™23  ->  less	1	>
change	<  ->  change_bi	™24	^
change_bi	™24  ->  loop_rj	b	^
swap	o  ->  swap_bi	™25	^
swap_bi	™25  ->  swap	o	>
swap	i  ->  swap_bi	™26	^
swap_bi	™26  ->  swap	i	>
swap	<  ->  swap_bi	™27	^
swap_bi	™27  ->  swap	<	>
swap	j  ->  swap_bi	™28	^
swap_bi	™28  ->  loop_ac	b	^
swap	u  ->  swap_bi	™29	^
swap_bi	™29  ->  retire	o	<
less	o  ->  less_bi	™30	^
less_bi	™30  ->  less	o	>
less	i  ->  less_bi	™31	^
less_bi	™31  ->  less	i	>
less	<  ->  less_bi	™32	^
less_bi	™32  ->  less	<	>
less	u  ->  less_bi	™33	^
less_bi	™33  ->  loop_rj	b	^
less	j  ->  less_bi	™34	^
less_bi	™34  ->  retire	i	<
forward	0  ->  forward_bi	™35	^
forward_bi	™35  ->  forward	0	>
forward	1  ->  forward_bi	™36	^
forward_bi	™36  ->  forward	1	>
forward	<  ->  forward_bi	™37	^
forward_bi	™37  ->  forward	<	>
forward	b  ->  forward_bi	™38	^
forward_bi	™38  ->  mark	b	<
forward	u  ->  forward_bi	™39	^
forward_bi	™39  ->  mark	u	<
forward	j  ->  forward_bi	™40	^
forward_bi	™40  ->  mark	j	<
mark	<  ->  mark_bi	™41	^
mark_bi	™41  ->  loop_rj	b	^
mark	0  ->  mark_bi	™42	^
mark_bi	™42  ->  rotate	u	<
mark	1  ->  mark_bi	™43	^
mark_bi	™43  ->  rotate	j	<
rotate	0  ->  rotate_bi	™44	^
rotate_bi	™44  ->  rotate	0	<
rotate	1  ->  rotate_bi	™45	^
rotate_bi	™45  ->  rotate	1	<
rotate	<  ->  rotate_bi	™46	^
rotate_bi	™46  ->  rotate	<	<
rotate	o  ->  rotate_bi	™47	^
rotate_bi	™47  ->  s	o	>
rotate	i  ->  rotate_bi	™48	^
rotate_bi	™48  ->  s	i	>
