start: s 
accept: ac 
reject: rj 
blank: b 
helper_ac	b  ->  helper_ac_bi	™0	^
helper_ac_bi	™0  ->  ac	b	>
loop_ac	§  ->  loop_ac_bi	™1	^
loop_ac_bi	™1  ->  helper_ac	b	^
loop_ac	b  ->  loop_ac_bi	™2	^
loop_ac_bi	™2  ->  loop_ac	§	^
loop_ac	1  ->  loop_ac_bi	™3	^
loop_ac_bi	™3  ->  loop_ac	1	>
loop_ac	0  ->  loop_ac_bi	™4	^
loop_ac_bi	™4  ->  loop_ac	0	>
loop_ac	o  ->  loop_ac_bi	™5	^
loop_ac_bi	™5  ->  loop_ac	o	>
loop_ac	i  ->  loop_ac_bi	™6	^
loop_ac_bi	™6  ->  loop_ac	i	>
helper_rj	b  ->  helper_rj_bi	™7	^
helper_rj_bi	™7  ->  rj	b	>
loop_rj	§  ->  loop_rj_bi	™8	^
loop_rj_bi	™8  ->  helper_rj	b	^
loop_rj	b  ->  loop_rj_bi	™9	^
loop_rj_bi	™9  ->  loop_rj	§	^
loop_rj	1  ->  loop_rj_bi	™10	^
loop_rj_bi	™10  ->  loop_rj	1	>
loop_rj	0  ->  loop_rj_bi	™11	^
loop_rj_bi	™11  ->  loop_rj	0	>
loop_rj	o  ->  loop_rj_bi	™12	^
loop_rj_bi	™12  ->  loop_rj	o	>
loop_rj	i  ->  loop_rj_bi	™13	^
loop_rj_bi	™13  ->  loop_rj	i	>
s	0  ->  s_bi	™14	^
s_bi	™14  ->  s	0	>
s	1  ->  s_bi	™15	^
s_bi	™15  ->  s	1	>
s	b  ->  s_bi	™16	^
s_bi	™16  ->  distr	b	<
distr	0  ->  distr_bi	™17	^
distr_bi	™17  ->  first	o	>
distr	1  ->  distr_bi	™18	^
distr_bi	™18  ->  second	i	>
first	0  ->  first_bi	™19	^
first_bi	™19  ->  first	0	>
first	1  ->  first_bi	™20	^
first_bi	™20  ->  first	1	>
first	o  ->  first_bi	™21	^
first_bi	™21  ->  first	o	>
first	i  ->  first_bi	™22	^
first_bi	™22  ->  first	i	>
first	b  ->  first_bi	™23	^
first_bi	™23  ->  left	0	<
second	0  ->  second_bi	™24	^
second_bi	™24  ->  second	0	>
second	1  ->  second_bi	™25	^
second_bi	™25  ->  second	1	>
second	o  ->  second_bi	™26	^
second_bi	™26  ->  second	o	>
second	i  ->  second_bi	™27	^
second_bi	™27  ->  second	i	>
second	b  ->  second_bi	™28	^
second_bi	™28  ->  left	1	<
left	0  ->  left_bi	™29	^
left_bi	™29  ->  left	0	<
left	1  ->  left_bi	™30	^
left_bi	™30  ->  left	1	<
left	o  ->  left_bi	™31	^
left_bi	™31  ->  back	o	<
left	i  ->  left_bi	™32	^
left_bi	™32  ->  back	i	<
back	o  ->  back_bi	™33	^
back_bi	™33  ->  back	o	<
back	i  ->  back_bi	™34	^
back_bi	™34  ->  back	i	<
back	0  ->  back_bi	™35	^
back_bi	™35  ->  distr	0	^
back	1  ->  back_bi	™36	^
back_bi	™36  ->  distr	1	^
back	b  ->  back_bi	™37	^
back_bi	™37  ->  update	b	>
update	o  ->  update_bi	™38	^
update_bi	™38  ->  update	0	>
update	i  ->  update_bi	™39	^
update_bi	™39  ->  update	1	>
update	0  ->  update_bi	™40	^
update_bi	™40  ->  grad	0	<
update	1  ->  update_bi	™41	^
update_bi	™41  ->  grad	1	<
grad	1  ->  grad_bi	™42	^
grad_bi	™42  ->  grad	1	<
grad	0  ->  grad_bi	™43	^
grad_bi	™43  ->  grad	0	<
grad	b  ->  grad_bi	™44	^
grad_bi	™44  ->  loop_ac	b	^
