start: s 
accept: ac 
reject: rj 
blank: b 
acc	1  ->  acc_bi	™71	^
write0_	b  ->  write0__bi	™35	^
is_zero	1  ->  is_zero_bi	™63	^
gtfn_bi	™18  ->  gtfn	0	<
sp	1  ->  sp_bi	™42	^
minus_bi	™46  ->  is_zero	b	>
is_zero	b  ->  is_zero_bi	™66	^
gtfn_bi	™20  ->  gtfn	*	<
right	0  ->  right_bi	™59	^
sp_bi	™42  ->  sp	1	>
loop_rj	§  ->  loop_rj_bi	™6	^
read__bi	™25  ->  new_	0	<
new__bi	™30  ->  minus	+	<
not_zero_bi	™77  ->  not_zero	0	<
plus	b  ->  plus_bi	™55	^
acc	+  ->  acc_bi	™73	^
left	0  ->  left_bi	™51	^
clear	+  ->  clear_bi	™50	^
write1__bi	™37  ->  write1_	1	<
delete	0  ->  delete_bi	™67	^
read_	0  ->  read__bi	™23	^
acc_bi	™76  ->  is_zero	b	^
write1__bi	™38  ->  write1_	+	<
s	+  ->  s_bi	™13	^
write0_	x  ->  write0__bi	™34	^
write0__bi	™33  ->  write0_	+	<
gtfn	+  ->  gtfn_bi	™21	^
go_bi	™16  ->  gtfn	0	<
gtfn	0  ->  gtfn_bi	™18	^
read__bi	™24  ->  read_	1	>
go	1  ->  go_bi	™16	^
right_bi	™60  ->  right	1	>
go	*  ->  go_bi	™17	^
gtfn_bi	™22  ->  read_	+	>
is_zero_bi	™63  ->  is_zero	b	>
plus_bi	™57  ->  plus	0	<
write1_	1  ->  write1__bi	™37	^
new_	0  ->  new__bi	™28	^
write0_	+  ->  write0__bi	™33	^
loop_ac_bi	™1  ->  helper_ac	b	^
loop_ac	§  ->  loop_ac_bi	™1	^
loop_ac_bi	™3  ->  loop_ac	1	>
is_zero_bi	™66  ->  loop_ac	0	<
acc	x  ->  acc_bi	™75	^
acc_bi	™71  ->  acc	b	<
new__bi	™29  ->  write1_	B	<
not_zero_bi	™78  ->  not_zero	1	<
write1__bi	™40  ->  sp	1	>
write0__bi	™31  ->  write0_	0	<
not_zero_bi	™79  ->  loop_ac	b	^
gtfn	1  ->  gtfn_bi	™19	^
loop_rj	b  ->  loop_rj_bi	™7	^
delete	b  ->  delete_bi	™69	^
read_	*  ->  read__bi	™27	^
is_zero_bi	™62  ->  is_zero	b	>
read_	A  ->  read__bi	™25	^
write0_	1  ->  write0__bi	™32	^
delete_bi	™67  ->  delete	0	>
minus_bi	™45  ->  left	0	<
s	1  ->  s_bi	™11	^
read__bi	™26  ->  new_	1	<
left	=  ->  left_bi	™54	^
s_bi	™14  ->  go	b	<
loop_ac_bi	™4  ->  loop_ac	0	>
read_	1  ->  read__bi	™24	^
acc_bi	™73  ->  acc	b	<
loop_rj_bi	™8  ->  loop_rj	1	>
clear_bi	™50  ->  s	+	>
sp	+  ->  sp_bi	™43	^
sp_bi	™41  ->  sp	0	>
loop_rj	1  ->  loop_rj_bi	™8	^
right_bi	™61  ->  minus	+	<
loop_ac	b  ->  loop_ac_bi	™2	^
left_bi	™53  ->  plus	=	<
acc	b  ->  acc_bi	™76	^
not_zero	0  ->  not_zero_bi	™77	^
right	+  ->  right_bi	™61	^
read__bi	™27  ->  new_	*	<
left_bi	™51  ->  left	0	<
minus	1  ->  minus_bi	™45	^
gtfn	*  ->  gtfn_bi	™20	^
clear_bi	™49  ->  clear	x	>
sp	0  ->  sp_bi	™41	^
acc	*  ->  acc_bi	™72	^
new_	+  ->  new__bi	™30	^
minus	0  ->  minus_bi	™44	^
is_zero	+  ->  is_zero_bi	™64	^
left_bi	™52  ->  left	1	<
clear_bi	™48  ->  clear	x	>
helper_rj_bi	™5  ->  rj	b	>
write0__bi	™35  ->  sp	0	>
s_bi	™11  ->  s	1	>
minus_bi	™47  ->  clear	=	>
go_bi	™17  ->  delete	*	>
not_zero	1  ->  not_zero_bi	™78	^
gtfn_bi	™19  ->  gtfn	1	<
acc_bi	™70  ->  acc	b	<
gtfn	b  ->  gtfn_bi	™22	^
is_zero	*  ->  is_zero_bi	™65	^
clear	1  ->  clear_bi	™49	^
write1_	+  ->  write1__bi	™38	^
write0_	0  ->  write0__bi	™31	^
acc_bi	™75  ->  acc	b	<
delete_bi	™68  ->  delete	1	>
delete_bi	™69  ->  acc	b	<
go_bi	™15  ->  go	1	<
right	1  ->  right_bi	™60	^
new__bi	™28  ->  write0_	A	<
gtfn_bi	™21  ->  read_	+	>
left_bi	™54  ->  plus	=	<
loop_rj_bi	™9  ->  loop_rj	0	>
write1__bi	™36  ->  write1_	0	<
loop_ac_bi	™2  ->  loop_ac	§	^
plus_bi	™55  ->  right	1	>
acc	0  ->  acc_bi	™70	^
helper_ac_bi	™0  ->  ac	b	>
acc_bi	™72  ->  acc	b	<
write1_	x  ->  write1__bi	™39	^
clear	0  ->  clear_bi	™48	^
loop_rj_bi	™7  ->  loop_rj	§	^
write1__bi	™39  ->  sp	1	>
is_zero_bi	™65  ->  is_zero	b	>
acc	=  ->  acc_bi	™74	^
s	*  ->  s_bi	™12	^
is_zero_bi	™64  ->  is_zero	b	>
not_zero	b  ->  not_zero_bi	™79	^
s_bi	™12  ->  s	*	>
sp_bi	™43  ->  read_	+	>
acc_bi	™74  ->  not_zero	b	<
is_zero	0  ->  is_zero_bi	™62	^
write1_	0  ->  write1__bi	™36	^
helper_rj	b  ->  helper_rj_bi	™5	^
left	1  ->  left_bi	™52	^
s	b  ->  s_bi	™14	^
helper_ac	b  ->  helper_ac_bi	™0	^
write0__bi	™34  ->  sp	0	>
delete	1  ->  delete_bi	™68	^
go	0  ->  go_bi	™15	^
loop_rj	0  ->  loop_rj_bi	™9	^
plus	1  ->  plus_bi	™57	^
minus	b  ->  minus_bi	™46	^
minus_bi	™44  ->  minus	1	<
s_bi	™10  ->  s	0	>
read_	B  ->  read__bi	™26	^
s_bi	™13  ->  s	+	>
loop_ac	0  ->  loop_ac_bi	™4	^
read__bi	™23  ->  read_	0	>
loop_rj_bi	™6  ->  helper_rj	b	^
right	=  ->  right_bi	™58	^
right_bi	™59  ->  right	0	>
new_	1  ->  new__bi	™29	^
write0__bi	™32  ->  write0_	1	<
minus	=  ->  minus_bi	™47	^
left	b  ->  left_bi	™53	^
right_bi	™58  ->  right	=	>
write1_	b  ->  write1__bi	™40	^
plus	0  ->  plus_bi	™56	^
s	0  ->  s_bi	™10	^
plus_bi	™56  ->  right	1	>
loop_ac	1  ->  loop_ac_bi	™3	^
