2
helper_ac	_	1  ->  helper_ac_bi	™7	^	™7	^
f	o	1  ->  f_bi	™17	^	™17	^
loop_ac_bi	™3	™3  ->  helper_ac	_	^	0	^
T_bi	™25	™25  ->  S	_	>	1	>
t	o	1  ->  t_bi	™19	^	™19	^
S_bi	™10	™10  ->  S	_	>	0	>
S	o	1  ->  S_bi	™15	^	™15	^
loop_ac_bi	™4	™4  ->  helper_ac	§	^	§	^
S	a	1  ->  S_bi	™21	^	™21	^
S_bi	™27	™27  ->  S	_	^	_	<
S	_	_  ->  S_bi	™26	^	™26	^
S_bi	™11	™11  ->  S	_	>	1	>
helper_ac	1	_  ->  helper_ac_bi	™5	^	™5	^
helper_ac_bi	™7	™7  ->  AC	_	>	1	>
S	_	_  ->  S_bi	™27	^	™27	^
S_bi	™14	™14  ->  f	o	^	_	<
loop_ac	_	0  ->  loop_ac_bi	™3	^	™3	^
helper_ac	0	_  ->  helper_ac_bi	™6	^	™6	^
T	a	1  ->  T_bi	™25	^	™25	^
S	1	_  ->  S_bi	™11	^	™11	^
loop_ac	_	_  ->  loop_ac_bi	™4	^	™4	^
S	a	0  ->  S_bi	™20	^	™20	^
loop_ac_bi	™2	™2  ->  helper_ac	_	^	1	^
T_bi	™24	™24  ->  S	_	>	0	>
S	o	0  ->  S_bi	™14	^	™14	^
F	a	0  ->  F_bi	™22	^	™22	^
helper_ac_bi	™8	™8  ->  AC	_	>	0	>
helper_ac_bi	™5	™5  ->  AC	1	>	_	>
S_bi	™15	™15  ->  t	o	^	_	<
S_bi	™20	™20  ->  F	a	^	_	<
f	o	0  ->  f_bi	™16	^	™16	^
S	o	_  ->  S_bi	™12	^	™12	^
S_bi	™26	™26  ->  S	_	^	_	<
loop_ac	1	_  ->  loop_ac_bi	™0	^	™0	^
S_bi	™12	™12  ->  S	o	^	_	<
loop_ac_bi	™1	™1  ->  helper_ac	0	^	_	^
f_bi	™17	™17  ->  S	_	>	1	>
S_bi	™21	™21  ->  T	a	^	_	<
helper_ac_bi	™9	™9  ->  AC	_	>	_	^
f_bi	™16	™16  ->  S	_	>	0	>
T	a	0  ->  T_bi	™24	^	™24	^
t_bi	™18	™18  ->  S	_	>	1	>
loop_ac	_	1  ->  loop_ac_bi	™2	^	™2	^
F	a	1  ->  F_bi	™23	^	™23	^
t_bi	™19	™19  ->  S	_	>	1	>
F_bi	™23	™23  ->  S	_	>	0	>
S	_	1  ->  S_bi	™29	^	™29	^
F_bi	™22	™22  ->  S	_	>	0	>
loop_ac_bi	™0	™0  ->  helper_ac	1	^	_	^
S	a	_  ->  S_bi	™13	^	™13	^
t	o	0  ->  t_bi	™18	^	™18	^
S_bi	™28	™28  ->  loop_ac	0	<	_	^
S_bi	™13	™13  ->  S	a	^	_	<
S	_	0  ->  S_bi	™28	^	™28	^
helper_ac	§	§  ->  helper_ac_bi	™9	^	™9	^
helper_ac_bi	™6	™6  ->  AC	0	>	_	>
S	0	_  ->  S_bi	™10	^	™10	^
S_bi	™29	™29  ->  loop_ac	1	<	_	^
loop_ac	0	_  ->  loop_ac_bi	™1	^	™1	^
helper_ac	_	0  ->  helper_ac_bi	™8	^	™8	^
