start: s 
accept: ac 
reject: rj 
blank: b 
helper_ac	b  ->  helper_ac_bi	™0	^
helper_ac_bi	™0  ->  ac	b	>
loop_ac	§  ->  loop_ac_bi	™1	^
loop_ac_bi	™1  ->  helper_ac	b	^
loop_ac	b  ->  loop_ac_bi	™2	^
loop_ac_bi	™2  ->  loop_ac	§	^
loop_ac	1  ->  loop_ac_bi	™3	^
loop_ac_bi	™3  ->  loop_ac	1	>
loop_ac	0  ->  loop_ac_bi	™4	^
loop_ac_bi	™4  ->  loop_ac	0	>
loop_ac	%  ->  loop_ac_bi	™5	^
loop_ac_bi	™5  ->  loop_ac	%	>
helper_rj	b  ->  helper_rj_bi	™6	^
helper_rj_bi	™6  ->  rj	b	>
loop_rj	§  ->  loop_rj_bi	™7	^
loop_rj_bi	™7  ->  helper_rj	b	^
loop_rj	b  ->  loop_rj_bi	™8	^
loop_rj_bi	™8  ->  loop_rj	§	^
loop_rj	1  ->  loop_rj_bi	™9	^
loop_rj_bi	™9  ->  loop_rj	1	>
loop_rj	0  ->  loop_rj_bi	™10	^
loop_rj_bi	™10  ->  loop_rj	0	>
loop_rj	%  ->  loop_rj_bi	™11	^
loop_rj_bi	™11  ->  loop_rj	%	>
s	0  ->  s_bi	™12	^
s_bi	™12  ->  gobi	0	>
s	1  ->  s_bi	™13	^
s_bi	™13  ->  gobi	1	>
gobi	0  ->  gobi_bi	™14	^
gobi_bi	™14  ->  gobi	0	>
gobi	1  ->  gobi_bi	™15	^
gobi_bi	™15  ->  gobi	1	>
gobi	b  ->  gobi_bi	™16	^
gobi_bi	™16  ->  gets	%	<
gets	1  ->  gets_bi	™17	^
gets_bi	™17  ->  gets	1	<
gets	0  ->  gets_bi	™18	^
gets_bi	™18  ->  gets	0	<
gets	b  ->  gets_bi	™19	^
gets_bi	™19  ->  first	b	>
first	0  ->  first_bi	™20	^
first_bi	™20  ->  glorf	b	<
first	1  ->  first_bi	™21	^
first_bi	™21  ->  gl_sec	b	<
glorf	b  ->  glorf_bi	™22	^
glorf_bi	™22  ->  gwin	0	>
gl_sec	b  ->  gl_sec_bi	™23	^
gl_sec_bi	™23  ->  gwin	1	>
gwin	b  ->  gwin_bi	™24	^
gwin_bi	™24  ->  gwin	b	>
gwin	0  ->  gwin_bi	™25	^
gwin_bi	™25  ->  greve	b	<
gwin	1  ->  gwin_bi	™26	^
gwin_bi	™26  ->  push	b	<
greve	b  ->  greve_bi	™27	^
greve_bi	™27  ->  greve	b	<
greve	0  ->  greve_bi	™28	^
greve_bi	™28  ->  observe	0	<
greve	1  ->  greve_bi	™29	^
greve_bi	™29  ->  observe	1	<
observe	0  ->  observe_bi	™30	^
observe_bi	™30  ->  observe	0	<
observe	1  ->  observe_bi	™31	^
observe_bi	™31  ->  observe	1	<
observe	b  ->  observe_bi	™32	^
observe_bi	™32  ->  get	0	>
push	b  ->  push_bi	™33	^
push_bi	™33  ->  push	b	<
push	0  ->  push_bi	™34	^
push_bi	™34  ->  ob	0	<
push	1  ->  push_bi	™35	^
push_bi	™35  ->  ob	1	<
ob	0  ->  ob_bi	™36	^
ob_bi	™36  ->  ob	0	<
ob	1  ->  ob_bi	™37	^
ob_bi	™37  ->  ob	1	<
ob	b  ->  ob_bi	™38	^
ob_bi	™38  ->  get	1	>
get	0  ->  get_bi	™39	^
get_bi	™39  ->  get	0	>
get	1  ->  get_bi	™40	^
get_bi	™40  ->  get	1	>
get	b  ->  get_bi	™41	^
get_bi	™41  ->  gwin	b	>
gwin	%  ->  gwin_bi	™42	^
gwin_bi	™42  ->  forward	b	<
forward	b  ->  forward_bi	™43	^
forward_bi	™43  ->  forward	b	<
forward	0  ->  forward_bi	™44	^
forward_bi	™44  ->  back	0	<
forward	1  ->  forward_bi	™45	^
forward_bi	™45  ->  back	1	<
back	0  ->  back_bi	™46	^
back_bi	™46  ->  back	0	<
back	1  ->  back_bi	™47	^
back_bi	™47  ->  back	1	<
back	b  ->  back_bi	™48	^
back_bi	™48  ->  loop_ac	b	^
