==10200== Memcheck, a memory error detector
==10200== Copyright (C) 2002-2017, and GNU GPL'd, by Julian Seward et al.
==10200== Using Valgrind-3.14.0 and LibVEX; rerun with -h for copyright info
==10200== Command: ./main
==10200== Parent PID: 10190
==10200== 
==10200== Conditional jump or move depends on uninitialised value(s)
==10200==    at 0x10000A330: dyld::_main(macho_header const*, unsigned long, int, char const**, char const**, char const**, unsigned long*) (in /usr/lib/dyld)
==10200==    by 0x100005502: dyldbootstrap::start(macho_header const*, int, char const**, long, macho_header const*, unsigned long*) (in /usr/lib/dyld)
==10200==    by 0x100005035: _dyld_start (in /usr/lib/dyld)
==10200==  Uninitialised value was created by a stack allocation
==10200==    at 0x10003DA64: amfi_check_dyld_policy_self (in /usr/lib/dyld)
==10200== 
{
   <insert_a_suppression_name_here>
   Memcheck:Cond
   fun:_ZN4dyld5_mainEPK12macho_headermiPPKcS5_S5_Pm
   fun:_ZN13dyldbootstrap5startEPK12macho_headeriPPKclS2_Pm
   fun:_dyld_start
}
==10200== Conditional jump or move depends on uninitialised value(s)
==10200==    at 0x10000C456: dyld::checkEnvironmentVariables(char const**) (in /usr/lib/dyld)
==10200==    by 0x10000A339: dyld::_main(macho_header const*, unsigned long, int, char const**, char const**, char const**, unsigned long*) (in /usr/lib/dyld)
==10200==    by 0x100005502: dyldbootstrap::start(macho_header const*, int, char const**, long, macho_header const*, unsigned long*) (in /usr/lib/dyld)
==10200==    by 0x100005035: _dyld_start (in /usr/lib/dyld)
==10200==  Uninitialised value was created by a stack allocation
==10200==    at 0x10003DA64: amfi_check_dyld_policy_self (in /usr/lib/dyld)
==10200== 
{
   <insert_a_suppression_name_here>
   Memcheck:Cond
   fun:_ZN4dyldL25checkEnvironmentVariablesEPPKc
   fun:_ZN4dyld5_mainEPK12macho_headermiPPKcS5_S5_Pm
   fun:_ZN13dyldbootstrap5startEPK12macho_headeriPPKclS2_Pm
   fun:_dyld_start
}
==10200== Conditional jump or move depends on uninitialised value(s)
==10200==    at 0x100006BBC: dyld::processDyldEnvironmentVariable(char const*, char const*, char const*) (in /usr/lib/dyld)
==10200==    by 0x10000C566: dyld::checkEnvironmentVariables(char const**) (in /usr/lib/dyld)
==10200==    by 0x10000A339: dyld::_main(macho_header const*, unsigned long, int, char const**, char const**, char const**, unsigned long*) (in /usr/lib/dyld)
==10200==    by 0x100005502: dyldbootstrap::start(macho_header const*, int, char const**, long, macho_header const*, unsigned long*) (in /usr/lib/dyld)
==10200==    by 0x100005035: _dyld_start (in /usr/lib/dyld)
==10200==  Uninitialised value was created by a stack allocation
==10200==    at 0x10003DA64: amfi_check_dyld_policy_self (in /usr/lib/dyld)
==10200== 
{
   <insert_a_suppression_name_here>
   Memcheck:Cond
   fun:_ZN4dyld30processDyldEnvironmentVariableEPKcS1_S1_
   fun:_ZN4dyldL25checkEnvironmentVariablesEPPKc
   fun:_ZN4dyld5_mainEPK12macho_headermiPPKcS5_S5_Pm
   fun:_ZN13dyldbootstrap5startEPK12macho_headeriPPKclS2_Pm
   fun:_dyld_start
}
==10200== Conditional jump or move depends on uninitialised value(s)
==10200==    at 0x10000A341: dyld::_main(macho_header const*, unsigned long, int, char const**, char const**, char const**, unsigned long*) (in /usr/lib/dyld)
==10200==    by 0x100005502: dyldbootstrap::start(macho_header const*, int, char const**, long, macho_header const*, unsigned long*) (in /usr/lib/dyld)
==10200==    by 0x100005035: _dyld_start (in /usr/lib/dyld)
==10200==  Uninitialised value was created by a stack allocation
==10200==    at 0x10003DA64: amfi_check_dyld_policy_self (in /usr/lib/dyld)
==10200== 
{
   <insert_a_suppression_name_here>
   Memcheck:Cond
   fun:_ZN4dyld5_mainEPK12macho_headermiPPKcS5_S5_Pm
   fun:_ZN13dyldbootstrap5startEPK12macho_headeriPPKclS2_Pm
   fun:_dyld_start
}
==10200== Conditional jump or move depends on uninitialised value(s)
==10200==    at 0x10000E39D: dyld::loadPhase3(char const*, char const*, dyld::LoadContext const&, unsigned int&, std::__1::vector<char const*, std::__1::allocator<char const*> >*) (in /usr/lib/dyld)
==10200==    by 0x10000DD17: dyld::loadPhase1(char const*, char const*, dyld::LoadContext const&, unsigned int&, std::__1::vector<char const*, std::__1::allocator<char const*> >*) (in /usr/lib/dyld)
==10200==    by 0x100007AC9: dyld::loadPhase0(char const*, char const*, dyld::LoadContext const&, unsigned int&, std::__1::vector<char const*, std::__1::allocator<char const*> >*) (in /usr/lib/dyld)
==10200==    by 0x10000761D: dyld::load(char const*, dyld::LoadContext const&, unsigned int&) (in /usr/lib/dyld)
==10200==    by 0x10000B3A0: dyld::_main(macho_header const*, unsigned long, int, char const**, char const**, char const**, unsigned long*) (in /usr/lib/dyld)
==10200==    by 0x100005502: dyldbootstrap::start(macho_header const*, int, char const**, long, macho_header const*, unsigned long*) (in /usr/lib/dyld)
==10200==    by 0x100005035: _dyld_start (in /usr/lib/dyld)
==10200==  Uninitialised value was created by a stack allocation
==10200==    at 0x10003DA64: amfi_check_dyld_policy_self (in /usr/lib/dyld)
==10200== 
{
   <insert_a_suppression_name_here>
   Memcheck:Cond
   fun:_ZN4dyldL10loadPhase3EPKcS1_RKNS_11LoadContextERjPNSt3__16vectorIS1_NS6_9allocatorIS1_EEEE
   fun:_ZN4dyldL10loadPhase1EPKcS1_RKNS_11LoadContextERjPNSt3__16vectorIS1_NS6_9allocatorIS1_EEEE
   fun:_ZN4dyldL10loadPhase0EPKcS1_RKNS_11LoadContextERjPNSt3__16vectorIS1_NS6_9allocatorIS1_EEEE
   fun:_ZN4dyld4loadEPKcRKNS_11LoadContextERj
   fun:_ZN4dyld5_mainEPK12macho_headermiPPKcS5_S5_Pm
   fun:_ZN13dyldbootstrap5startEPK12macho_headeriPPKclS2_Pm
   fun:_dyld_start
}
==10200== Conditional jump or move depends on uninitialised value(s)
==10200==    at 0x10000E39D: dyld::loadPhase3(char const*, char const*, dyld::LoadContext const&, unsigned int&, std::__1::vector<char const*, std::__1::allocator<char const*> >*) (in /usr/lib/dyld)
==10200==    by 0x10000DD17: dyld::loadPhase1(char const*, char const*, dyld::LoadContext const&, unsigned int&, std::__1::vector<char const*, std::__1::allocator<char const*> >*) (in /usr/lib/dyld)
==10200==    by 0x100007AC9: dyld::loadPhase0(char const*, char const*, dyld::LoadContext const&, unsigned int&, std::__1::vector<char const*, std::__1::allocator<char const*> >*) (in /usr/lib/dyld)
==10200==    by 0x100007658: dyld::load(char const*, dyld::LoadContext const&, unsigned int&) (in /usr/lib/dyld)
==10200==    by 0x10000B3A0: dyld::_main(macho_header const*, unsigned long, int, char const**, char const**, char const**, unsigned long*) (in /usr/lib/dyld)
==10200==    by 0x100005502: dyldbootstrap::start(macho_header const*, int, char const**, long, macho_header const*, unsigned long*) (in /usr/lib/dyld)
==10200==    by 0x100005035: _dyld_start (in /usr/lib/dyld)
==10200==  Uninitialised value was created by a stack allocation
==10200==    at 0x10003DA64: amfi_check_dyld_policy_self (in /usr/lib/dyld)
==10200== 
{
   <insert_a_suppression_name_here>
   Memcheck:Cond
   fun:_ZN4dyldL10loadPhase3EPKcS1_RKNS_11LoadContextERjPNSt3__16vectorIS1_NS6_9allocatorIS1_EEEE
   fun:_ZN4dyldL10loadPhase1EPKcS1_RKNS_11LoadContextERjPNSt3__16vectorIS1_NS6_9allocatorIS1_EEEE
   fun:_ZN4dyldL10loadPhase0EPKcS1_RKNS_11LoadContextERjPNSt3__16vectorIS1_NS6_9allocatorIS1_EEEE
   fun:_ZN4dyld4loadEPKcRKNS_11LoadContextERj
   fun:_ZN4dyld5_mainEPK12macho_headermiPPKcS5_S5_Pm
   fun:_ZN13dyldbootstrap5startEPK12macho_headeriPPKclS2_Pm
   fun:_dyld_start
}
==10200== Conditional jump or move depends on uninitialised value(s)
==10200==    at 0x1000453A7: bcmp (in /usr/lib/dyld)
==10200==    by 0x10001AA2F: ImageLoaderMachO::validateFirstPages(linkedit_data_command const*, int, unsigned char const*, unsigned long, long long, ImageLoader::LinkContext const&) (in /usr/lib/dyld)
==10200==    by 0x100020755: ImageLoaderMachOCompressed::instantiateFromFile(char const*, int, unsigned char const*, unsigned long, unsigned long long, unsigned long long, stat const&, unsigned int, unsigned int, linkedit_data_command const*, encryption_info_command const*, ImageLoader::LinkContext const&) (in /usr/lib/dyld)
==10200==    by 0x100019A8F: ImageLoaderMachO::instantiateFromFile(char const*, int, unsigned char const*, unsigned long, unsigned long long, unsigned long long, stat const&, ImageLoader::LinkContext const&) (in /usr/lib/dyld)
==10200==    by 0x100007F38: dyld::loadPhase6(int, stat const&, char const*, dyld::LoadContext const&) (in /usr/lib/dyld)
==10200==    by 0x10000ECC5: dyld::loadPhase5(char const*, char const*, dyld::LoadContext const&, unsigned int&, std::__1::vector<char const*, std::__1::allocator<char const*> >*) (in /usr/lib/dyld)
==10200==    by 0x10000E846: dyld::loadPhase4(char const*, char const*, dyld::LoadContext const&, unsigned int&, std::__1::vector<char const*, std::__1::allocator<char const*> >*) (in /usr/lib/dyld)
==10200==    by 0x10000E5A0: dyld::loadPhase3(char const*, char const*, dyld::LoadContext const&, unsigned int&, std::__1::vector<char const*, std::__1::allocator<char const*> >*) (in /usr/lib/dyld)
==10200==    by 0x10000DD17: dyld::loadPhase1(char const*, char const*, dyld::LoadContext const&, unsigned int&, std::__1::vector<char const*, std::__1::allocator<char const*> >*) (in /usr/lib/dyld)
==10200==    by 0x100007AC9: dyld::loadPhase0(char const*, char const*, dyld::LoadContext const&, unsigned int&, std::__1::vector<char const*, std::__1::allocator<char const*> >*) (in /usr/lib/dyld)
==10200==    by 0x100007658: dyld::load(char const*, dyld::LoadContext const&, unsigned int&) (in /usr/lib/dyld)
==10200==    by 0x10000F5D4: dyld::libraryLocator(char const*, bool, char const*, ImageLoader::RPathChain const*, bool, unsigned int&) (in /usr/lib/dyld)
==10200==  Uninitialised value was created by a stack allocation
==10200==    at 0x100007C45: dyld::loadPhase6(int, stat const&, char const*, dyld::LoadContext const&) (in /usr/lib/dyld)
==10200== 
{
   <insert_a_suppression_name_here>
   Memcheck:Cond
   fun:bcmp
   fun:_ZN16ImageLoaderMachO18validateFirstPagesEPK21linkedit_data_commandiPKhmxRKN11ImageLoader11LinkContextE
   fun:_ZN26ImageLoaderMachOCompressed19instantiateFromFileEPKciPKhmyyRK4statjjPK21linkedit_data_commandPK23encryption_info_commandRKN11ImageLoader11LinkContextE
   fun:_ZN16ImageLoaderMachO19instantiateFromFileEPKciPKhmyyRK4statRKN11ImageLoader11LinkContextE
   fun:_ZN4dyldL10loadPhase6EiRK4statPKcRKNS_11LoadContextE
   fun:_ZN4dyldL10loadPhase5EPKcS1_RKNS_11LoadContextERjPNSt3__16vectorIS1_NS6_9allocatorIS1_EEEE
   fun:_ZN4dyldL10loadPhase4EPKcS1_RKNS_11LoadContextERjPNSt3__16vectorIS1_NS6_9allocatorIS1_EEEE
   fun:_ZN4dyldL10loadPhase3EPKcS1_RKNS_11LoadContextERjPNSt3__16vectorIS1_NS6_9allocatorIS1_EEEE
   fun:_ZN4dyldL10loadPhase1EPKcS1_RKNS_11LoadContextERjPNSt3__16vectorIS1_NS6_9allocatorIS1_EEEE
   fun:_ZN4dyldL10loadPhase0EPKcS1_RKNS_11LoadContextERjPNSt3__16vectorIS1_NS6_9allocatorIS1_EEEE
   fun:_ZN4dyld4loadEPKcRKNS_11LoadContextERj
   fun:_ZN4dyldL14libraryLocatorEPKcbS1_PKN11ImageLoader10RPathChainEbRj
}
==10200== Conditional jump or move depends on uninitialised value(s)
==10200==    at 0x1001ED9A6: ccaes_vng_ctr_crypt (in /usr/lib/system/libcorecrypto.dylib)
==10200==    by 0x1001ED8BB: bcc_update (in /usr/lib/system/libcorecrypto.dylib)
==10200==    by 0x1001EEAFC: df_bcc_update (in /usr/lib/system/libcorecrypto.dylib)
==10200==    by 0x1001EE8D4: df (in /usr/lib/system/libcorecrypto.dylib)
==10200==    by 0x1001ED254: nistctr_init (in /usr/lib/system/libcorecrypto.dylib)
==10200==    by 0x1001ED0AB: init (in /usr/lib/system/libcorecrypto.dylib)
==10200==    by 0x1003B7CFE: arc4_init (in /usr/lib/system/libsystem_c.dylib)
==10200==    by 0x1003B7E1C: arc4random_buf (in /usr/lib/system/libsystem_c.dylib)
==10200==    by 0x100697A24: _read_images (in /usr/lib/libobjc.A.dylib)
==10200==    by 0x100696A4F: _hasObjcContents (in /usr/lib/libobjc.A.dylib)
==10200==    by 0x1006A955F: __objc_personality_v0 (in /usr/lib/libobjc.A.dylib)
==10200==    by 0x10000947A: dyld::notifyBatchPartial(dyld_image_states, bool, char const* (*)(dyld_image_states, unsigned int, dyld_image_info const*), bool, bool) (in /usr/lib/dyld)
==10200==  Uninitialised value was created by a stack allocation
==10200==    at 0x1003B7C54: arc4_init (in /usr/lib/system/libsystem_c.dylib)
==10200== 
{
   <insert_a_suppression_name_here>
   Memcheck:Cond
   fun:ccaes_vng_ctr_crypt
   fun:bcc_update
   fun:df_bcc_update
   fun:df
   fun:nistctr_init
   fun:init
   fun:arc4_init
   fun:arc4random_buf
   fun:_read_images
   fun:_hasObjcContents
   fun:__objc_personality_v0
   fun:_ZN4dyldL18notifyBatchPartialE17dyld_image_statesbPFPKcS0_jPK15dyld_image_infoEbb
}
==10200== Conditional jump or move depends on uninitialised value(s)
==10200==    at 0x1001ED9A6: ccaes_vng_ctr_crypt (in /usr/lib/system/libcorecrypto.dylib)
==10200==    by 0x1001ED8BB: bcc_update (in /usr/lib/system/libcorecrypto.dylib)
==10200==    by 0x1001EEB8C: df_bcc_update (in /usr/lib/system/libcorecrypto.dylib)
==10200==    by 0x1001EE8D4: df (in /usr/lib/system/libcorecrypto.dylib)
==10200==    by 0x1001ED254: nistctr_init (in /usr/lib/system/libcorecrypto.dylib)
==10200==    by 0x1001ED0AB: init (in /usr/lib/system/libcorecrypto.dylib)
==10200==    by 0x1003B7CFE: arc4_init (in /usr/lib/system/libsystem_c.dylib)
==10200==    by 0x1003B7E1C: arc4random_buf (in /usr/lib/system/libsystem_c.dylib)
==10200==    by 0x100697A24: _read_images (in /usr/lib/libobjc.A.dylib)
==10200==    by 0x100696A4F: _hasObjcContents (in /usr/lib/libobjc.A.dylib)
==10200==    by 0x1006A955F: __objc_personality_v0 (in /usr/lib/libobjc.A.dylib)
==10200==    by 0x10000947A: dyld::notifyBatchPartial(dyld_image_states, bool, char const* (*)(dyld_image_states, unsigned int, dyld_image_info const*), bool, bool) (in /usr/lib/dyld)
==10200==  Uninitialised value was created by a stack allocation
==10200==    at 0x1003B7C54: arc4_init (in /usr/lib/system/libsystem_c.dylib)
==10200== 
{
   <insert_a_suppression_name_here>
   Memcheck:Cond
   fun:ccaes_vng_ctr_crypt
   fun:bcc_update
   fun:df_bcc_update
   fun:df
   fun:nistctr_init
   fun:init
   fun:arc4_init
   fun:arc4random_buf
   fun:_read_images
   fun:_hasObjcContents
   fun:__objc_personality_v0
   fun:_ZN4dyldL18notifyBatchPartialE17dyld_image_statesbPFPKcS0_jPK15dyld_image_infoEbb
}
==10200== Conditional jump or move depends on uninitialised value(s)
==10200==    at 0x1001ED9A6: ccaes_vng_ctr_crypt (in /usr/lib/system/libcorecrypto.dylib)
==10200==    by 0x1001ED8BB: bcc_update (in /usr/lib/system/libcorecrypto.dylib)
==10200==    by 0x1001EE936: df (in /usr/lib/system/libcorecrypto.dylib)
==10200==    by 0x1001ED254: nistctr_init (in /usr/lib/system/libcorecrypto.dylib)
==10200==    by 0x1001ED0AB: init (in /usr/lib/system/libcorecrypto.dylib)
==10200==    by 0x1003B7CFE: arc4_init (in /usr/lib/system/libsystem_c.dylib)
==10200==    by 0x1003B7E1C: arc4random_buf (in /usr/lib/system/libsystem_c.dylib)
==10200==    by 0x100697A24: _read_images (in /usr/lib/libobjc.A.dylib)
==10200==    by 0x100696A4F: _hasObjcContents (in /usr/lib/libobjc.A.dylib)
==10200==    by 0x1006A955F: __objc_personality_v0 (in /usr/lib/libobjc.A.dylib)
==10200==    by 0x10000947A: dyld::notifyBatchPartial(dyld_image_states, bool, char const* (*)(dyld_image_states, unsigned int, dyld_image_info const*), bool, bool) (in /usr/lib/dyld)
==10200==    by 0x10000962D: dyld::registerObjCNotifiers(void (*)(unsigned int, char const* const*, mach_header const* const*), void (*)(char const*, mach_header const*), void (*)(char const*, mach_header const*)) (in /usr/lib/dyld)
==10200==  Uninitialised value was created by a stack allocation
==10200==    at 0x1003B7C54: arc4_init (in /usr/lib/system/libsystem_c.dylib)
==10200== 
{
   <insert_a_suppression_name_here>
   Memcheck:Cond
   fun:ccaes_vng_ctr_crypt
   fun:bcc_update
   fun:df
   fun:nistctr_init
   fun:init
   fun:arc4_init
   fun:arc4random_buf
   fun:_read_images
   fun:_hasObjcContents
   fun:__objc_personality_v0
   fun:_ZN4dyldL18notifyBatchPartialE17dyld_image_statesbPFPKcS0_jPK15dyld_image_infoEbb
   fun:_ZN4dyld21registerObjCNotifiersEPFvjPKPKcPKPK11mach_headerEPFvS1_S6_ESC_
}
==10200== Conditional jump or move depends on uninitialised value(s)
==10200==    at 0x1001ED9A6: ccaes_vng_ctr_crypt (in /usr/lib/system/libcorecrypto.dylib)
==10200==    by 0x1001EE9EB: df (in /usr/lib/system/libcorecrypto.dylib)
==10200==    by 0x1001ED254: nistctr_init (in /usr/lib/system/libcorecrypto.dylib)
==10200==    by 0x1001ED0AB: init (in /usr/lib/system/libcorecrypto.dylib)
==10200==    by 0x1003B7CFE: arc4_init (in /usr/lib/system/libsystem_c.dylib)
==10200==    by 0x1003B7E1C: arc4random_buf (in /usr/lib/system/libsystem_c.dylib)
==10200==    by 0x100697A24: _read_images (in /usr/lib/libobjc.A.dylib)
==10200==    by 0x100696A4F: _hasObjcContents (in /usr/lib/libobjc.A.dylib)
==10200==    by 0x1006A955F: __objc_personality_v0 (in /usr/lib/libobjc.A.dylib)
==10200==    by 0x10000947A: dyld::notifyBatchPartial(dyld_image_states, bool, char const* (*)(dyld_image_states, unsigned int, dyld_image_info const*), bool, bool) (in /usr/lib/dyld)
==10200==    by 0x10000962D: dyld::registerObjCNotifiers(void (*)(unsigned int, char const* const*, mach_header const* const*), void (*)(char const*, mach_header const*), void (*)(char const*, mach_header const*)) (in /usr/lib/dyld)
==10200==    by 0x1002F8A26: _dyld_objc_notify_register (in /usr/lib/system/libdyld.dylib)
==10200==  Uninitialised value was created by a stack allocation
==10200==    at 0x1003B7C54: arc4_init (in /usr/lib/system/libsystem_c.dylib)
==10200== 
{
   <insert_a_suppression_name_here>
   Memcheck:Cond
   fun:ccaes_vng_ctr_crypt
   fun:df
   fun:nistctr_init
   fun:init
   fun:arc4_init
   fun:arc4random_buf
   fun:_read_images
   fun:_hasObjcContents
   fun:__objc_personality_v0
   fun:_ZN4dyldL18notifyBatchPartialE17dyld_image_statesbPFPKcS0_jPK15dyld_image_infoEbb
   fun:_ZN4dyld21registerObjCNotifiersEPFvjPKPKcPKPK11mach_headerEPFvS1_S6_ESC_
   fun:_dyld_objc_notify_register
}
==10200== Conditional jump or move depends on uninitialised value(s)
==10200==    at 0x1001EECCE: drbg_update (in /usr/lib/system/libcorecrypto.dylib)
==10200==    by 0x1001ED2CC: nistctr_init (in /usr/lib/system/libcorecrypto.dylib)
==10200==    by 0x1001ED0AB: init (in /usr/lib/system/libcorecrypto.dylib)
==10200==    by 0x1003B7CFE: arc4_init (in /usr/lib/system/libsystem_c.dylib)
==10200==    by 0x1003B7E1C: arc4random_buf (in /usr/lib/system/libsystem_c.dylib)
==10200==    by 0x100697A24: _read_images (in /usr/lib/libobjc.A.dylib)
==10200==    by 0x100696A4F: _hasObjcContents (in /usr/lib/libobjc.A.dylib)
==10200==    by 0x1006A955F: __objc_personality_v0 (in /usr/lib/libobjc.A.dylib)
==10200==    by 0x10000947A: dyld::notifyBatchPartial(dyld_image_states, bool, char const* (*)(dyld_image_states, unsigned int, dyld_image_info const*), bool, bool) (in /usr/lib/dyld)
==10200==    by 0x10000962D: dyld::registerObjCNotifiers(void (*)(unsigned int, char const* const*, mach_header const* const*), void (*)(char const*, mach_header const*), void (*)(char const*, mach_header const*)) (in /usr/lib/dyld)
==10200==    by 0x1002F8A26: _dyld_objc_notify_register (in /usr/lib/system/libdyld.dylib)
==10200==    by 0x100696233: environ_init (in /usr/lib/libobjc.A.dylib)
==10200== 
{
   <insert_a_suppression_name_here>
   Memcheck:Cond
   fun:drbg_update
   fun:nistctr_init
   fun:init
   fun:arc4_init
   fun:arc4random_buf
   fun:_read_images
   fun:_hasObjcContents
   fun:__objc_personality_v0
   fun:_ZN4dyldL18notifyBatchPartialE17dyld_image_statesbPFPKcS0_jPK15dyld_image_infoEbb
   fun:_ZN4dyld21registerObjCNotifiersEPFvjPKPKcPKPK11mach_headerEPFvS1_S6_ESC_
   fun:_dyld_objc_notify_register
   fun:environ_init
}
==10200== Conditional jump or move depends on uninitialised value(s)
==10200==    at 0x1001ED9A6: ccaes_vng_ctr_crypt (in /usr/lib/system/libcorecrypto.dylib)
==10200==    by 0x1001EEEEE: generate (in /usr/lib/system/libcorecrypto.dylib)
==10200==    by 0x1003B7E87: arc4random_buf (in /usr/lib/system/libsystem_c.dylib)
==10200==    by 0x100697A24: _read_images (in /usr/lib/libobjc.A.dylib)
==10200==    by 0x100696A4F: _hasObjcContents (in /usr/lib/libobjc.A.dylib)
==10200==    by 0x1006A955F: __objc_personality_v0 (in /usr/lib/libobjc.A.dylib)
==10200==    by 0x10000947A: dyld::notifyBatchPartial(dyld_image_states, bool, char const* (*)(dyld_image_states, unsigned int, dyld_image_info const*), bool, bool) (in /usr/lib/dyld)
==10200==    by 0x10000962D: dyld::registerObjCNotifiers(void (*)(unsigned int, char const* const*, mach_header const* const*), void (*)(char const*, mach_header const*), void (*)(char const*, mach_header const*)) (in /usr/lib/dyld)
==10200==    by 0x1002F8A26: _dyld_objc_notify_register (in /usr/lib/system/libdyld.dylib)
==10200==    by 0x100696233: environ_init (in /usr/lib/libobjc.A.dylib)
==10200==    by 0x10028FE35: _os_object_init (in /usr/lib/system/libdispatch.dylib)
==10200==    by 0x10029BAD1: libdispatch_init (in /usr/lib/system/libdispatch.dylib)
==10200== 
{
   <insert_a_suppression_name_here>
   Memcheck:Cond
   fun:ccaes_vng_ctr_crypt
   fun:generate
   fun:arc4random_buf
   fun:_read_images
   fun:_hasObjcContents
   fun:__objc_personality_v0
   fun:_ZN4dyldL18notifyBatchPartialE17dyld_image_statesbPFPKcS0_jPK15dyld_image_infoEbb
   fun:_ZN4dyld21registerObjCNotifiersEPFvjPKPKcPKPK11mach_headerEPFvS1_S6_ESC_
   fun:_dyld_objc_notify_register
   fun:environ_init
   fun:_os_object_init
   fun:libdispatch_init
}
==10200== Conditional jump or move depends on uninitialised value(s)
==10200==    at 0x1001ED9A6: ccaes_vng_ctr_crypt (in /usr/lib/system/libcorecrypto.dylib)
==10200==    by 0x1001EEC51: drbg_update (in /usr/lib/system/libcorecrypto.dylib)
==10200==    by 0x1001EEF39: generate (in /usr/lib/system/libcorecrypto.dylib)
==10200==    by 0x1003B7E87: arc4random_buf (in /usr/lib/system/libsystem_c.dylib)
==10200==    by 0x100697A24: _read_images (in /usr/lib/libobjc.A.dylib)
==10200==    by 0x100696A4F: _hasObjcContents (in /usr/lib/libobjc.A.dylib)
==10200==    by 0x1006A955F: __objc_personality_v0 (in /usr/lib/libobjc.A.dylib)
==10200==    by 0x10000947A: dyld::notifyBatchPartial(dyld_image_states, bool, char const* (*)(dyld_image_states, unsigned int, dyld_image_info const*), bool, bool) (in /usr/lib/dyld)
==10200==    by 0x10000962D: dyld::registerObjCNotifiers(void (*)(unsigned int, char const* const*, mach_header const* const*), void (*)(char const*, mach_header const*), void (*)(char const*, mach_header const*)) (in /usr/lib/dyld)
==10200==    by 0x1002F8A26: _dyld_objc_notify_register (in /usr/lib/system/libdyld.dylib)
==10200==    by 0x100696233: environ_init (in /usr/lib/libobjc.A.dylib)
==10200==    by 0x10028FE35: _os_object_init (in /usr/lib/system/libdispatch.dylib)
==10200== 
{
   <insert_a_suppression_name_here>
   Memcheck:Cond
   fun:ccaes_vng_ctr_crypt
   fun:drbg_update
   fun:generate
   fun:arc4random_buf
   fun:_read_images
   fun:_hasObjcContents
   fun:__objc_personality_v0
   fun:_ZN4dyldL18notifyBatchPartialE17dyld_image_statesbPFPKcS0_jPK15dyld_image_infoEbb
   fun:_ZN4dyld21registerObjCNotifiersEPFvjPKPKcPKPK11mach_headerEPFvS1_S6_ESC_
   fun:_dyld_objc_notify_register
   fun:environ_init
   fun:_os_object_init
}
==10200== Conditional jump or move depends on uninitialised value(s)
==10200==    at 0x1001EEC6E: drbg_update (in /usr/lib/system/libcorecrypto.dylib)
==10200==    by 0x1001EEF39: generate (in /usr/lib/system/libcorecrypto.dylib)
==10200==    by 0x1003B7E87: arc4random_buf (in /usr/lib/system/libsystem_c.dylib)
==10200==    by 0x100697A24: _read_images (in /usr/lib/libobjc.A.dylib)
==10200==    by 0x100696A4F: _hasObjcContents (in /usr/lib/libobjc.A.dylib)
==10200==    by 0x1006A955F: __objc_personality_v0 (in /usr/lib/libobjc.A.dylib)
==10200==    by 0x10000947A: dyld::notifyBatchPartial(dyld_image_states, bool, char const* (*)(dyld_image_states, unsigned int, dyld_image_info const*), bool, bool) (in /usr/lib/dyld)
==10200==    by 0x10000962D: dyld::registerObjCNotifiers(void (*)(unsigned int, char const* const*, mach_header const* const*), void (*)(char const*, mach_header const*), void (*)(char const*, mach_header const*)) (in /usr/lib/dyld)
==10200==    by 0x1002F8A26: _dyld_objc_notify_register (in /usr/lib/system/libdyld.dylib)
==10200==    by 0x100696233: environ_init (in /usr/lib/libobjc.A.dylib)
==10200==    by 0x10028FE35: _os_object_init (in /usr/lib/system/libdispatch.dylib)
==10200==    by 0x10029BAD1: libdispatch_init (in /usr/lib/system/libdispatch.dylib)
==10200==  Uninitialised value was created by a stack allocation
==10200==    at 0x1003B7C54: arc4_init (in /usr/lib/system/libsystem_c.dylib)
==10200== 
{
   <insert_a_suppression_name_here>
   Memcheck:Cond
   fun:drbg_update
   fun:generate
   fun:arc4random_buf
   fun:_read_images
   fun:_hasObjcContents
   fun:__objc_personality_v0
   fun:_ZN4dyldL18notifyBatchPartialE17dyld_image_statesbPFPKcS0_jPK15dyld_image_infoEbb
   fun:_ZN4dyld21registerObjCNotifiersEPFvjPKPKcPKPK11mach_headerEPFvS1_S6_ESC_
   fun:_dyld_objc_notify_register
   fun:environ_init
   fun:_os_object_init
   fun:libdispatch_init
}
==10200== Conditional jump or move depends on uninitialised value(s)
==10200==    at 0x1001EECCE: drbg_update (in /usr/lib/system/libcorecrypto.dylib)
==10200==    by 0x1001EEF39: generate (in /usr/lib/system/libcorecrypto.dylib)
==10200==    by 0x1003B7E87: arc4random_buf (in /usr/lib/system/libsystem_c.dylib)
==10200==    by 0x100697A24: _read_images (in /usr/lib/libobjc.A.dylib)
==10200==    by 0x100696A4F: _hasObjcContents (in /usr/lib/libobjc.A.dylib)
==10200==    by 0x1006A955F: __objc_personality_v0 (in /usr/lib/libobjc.A.dylib)
==10200==    by 0x10000947A: dyld::notifyBatchPartial(dyld_image_states, bool, char const* (*)(dyld_image_states, unsigned int, dyld_image_info const*), bool, bool) (in /usr/lib/dyld)
==10200==    by 0x10000962D: dyld::registerObjCNotifiers(void (*)(unsigned int, char const* const*, mach_header const* const*), void (*)(char const*, mach_header const*), void (*)(char const*, mach_header const*)) (in /usr/lib/dyld)
==10200==    by 0x1002F8A26: _dyld_objc_notify_register (in /usr/lib/system/libdyld.dylib)
==10200==    by 0x100696233: environ_init (in /usr/lib/libobjc.A.dylib)
==10200==    by 0x10028FE35: _os_object_init (in /usr/lib/system/libdispatch.dylib)
==10200==    by 0x10029BAD1: libdispatch_init (in /usr/lib/system/libdispatch.dylib)
==10200==  Uninitialised value was created by a stack allocation
==10200==    at 0x1003B7C54: arc4_init (in /usr/lib/system/libsystem_c.dylib)
==10200== 
{
   <insert_a_suppression_name_here>
   Memcheck:Cond
   fun:drbg_update
   fun:generate
   fun:arc4random_buf
   fun:_read_images
   fun:_hasObjcContents
   fun:__objc_personality_v0
   fun:_ZN4dyldL18notifyBatchPartialE17dyld_image_statesbPFPKcS0_jPK15dyld_image_infoEbb
   fun:_ZN4dyld21registerObjCNotifiersEPFvjPKPKcPKPK11mach_headerEPFvS1_S6_ESC_
   fun:_dyld_objc_notify_register
   fun:environ_init
   fun:_os_object_init
   fun:libdispatch_init
}
==10200== Conditional jump or move depends on uninitialised value(s)
==10200==    at 0x10069EA27: _objc_rootAlloc (in /usr/lib/libobjc.A.dylib)
==10200==    by 0x100643D40: _libxpc_initializer (in /usr/lib/system/libxpc.dylib)
==10200==    by 0x1000EC9C9: libSystem_initializer (in /usr/lib/libSystem.B.dylib)
==10200==    by 0x10001C591: ImageLoaderMachO::doModInitFunctions(ImageLoader::LinkContext const&) (in /usr/lib/dyld)
==10200==    by 0x10001C797: ImageLoaderMachO::doInitialization(ImageLoader::LinkContext const&) (in /usr/lib/dyld)
==10200==    by 0x100017BE9: ImageLoader::recursiveInitialization(ImageLoader::LinkContext const&, unsigned int, char const*, ImageLoader::InitializerTimingList&, ImageLoader::UninitedUpwards&) (in /usr/lib/dyld)
==10200==    by 0x100017B7F: ImageLoader::recursiveInitialization(ImageLoader::LinkContext const&, unsigned int, char const*, ImageLoader::InitializerTimingList&, ImageLoader::UninitedUpwards&) (in /usr/lib/dyld)
==10200==    by 0x100016D72: ImageLoader::processInitializers(ImageLoader::LinkContext const&, unsigned int, ImageLoader::InitializerTimingList&, ImageLoader::UninitedUpwards&) (in /usr/lib/dyld)
==10200==    by 0x100016E04: ImageLoader::runInitializers(ImageLoader::LinkContext const&, ImageLoader::InitializerTimingList&) (in /usr/lib/dyld)
==10200==    by 0x10000671E: dyld::initializeMainExecutable() (in /usr/lib/dyld)
==10200==    by 0x10000B708: dyld::_main(macho_header const*, unsigned long, int, char const**, char const**, char const**, unsigned long*) (in /usr/lib/dyld)
==10200==    by 0x100005502: dyldbootstrap::start(macho_header const*, int, char const**, long, macho_header const*, unsigned long*) (in /usr/lib/dyld)
==10200==  Uninitialised value was created by a stack allocation
==10200==    at 0x1003B7C54: arc4_init (in /usr/lib/system/libsystem_c.dylib)
==10200== 
{
   <insert_a_suppression_name_here>
   Memcheck:Cond
   fun:_objc_rootAlloc
   fun:_libxpc_initializer
   fun:libSystem_initializer
   fun:_ZN16ImageLoaderMachO18doModInitFunctionsERKN11ImageLoader11LinkContextE
   fun:_ZN16ImageLoaderMachO16doInitializationERKN11ImageLoader11LinkContextE
   fun:_ZN11ImageLoader23recursiveInitializationERKNS_11LinkContextEjPKcRNS_21InitializerTimingListERNS_15UninitedUpwardsE
   fun:_ZN11ImageLoader23recursiveInitializationERKNS_11LinkContextEjPKcRNS_21InitializerTimingListERNS_15UninitedUpwardsE
   fun:_ZN11ImageLoader19processInitializersERKNS_11LinkContextEjRNS_21InitializerTimingListERNS_15UninitedUpwardsE
   fun:_ZN11ImageLoader15runInitializersERKNS_11LinkContextERNS_21InitializerTimingListE
   fun:_ZN4dyld24initializeMainExecutableEv
   fun:_ZN4dyld5_mainEPK12macho_headermiPPKcS5_S5_Pm
   fun:_ZN13dyldbootstrap5startEPK12macho_headeriPPKclS2_Pm
}
==10200== Use of uninitialised value of size 8
==10200==    at 0x10069EA29: _objc_rootAlloc (in /usr/lib/libobjc.A.dylib)
==10200==    by 0x100643D40: _libxpc_initializer (in /usr/lib/system/libxpc.dylib)
==10200==    by 0x1000EC9C9: libSystem_initializer (in /usr/lib/libSystem.B.dylib)
==10200==    by 0x10001C591: ImageLoaderMachO::doModInitFunctions(ImageLoader::LinkContext const&) (in /usr/lib/dyld)
==10200==    by 0x10001C797: ImageLoaderMachO::doInitialization(ImageLoader::LinkContext const&) (in /usr/lib/dyld)
==10200==    by 0x100017BE9: ImageLoader::recursiveInitialization(ImageLoader::LinkContext const&, unsigned int, char const*, ImageLoader::InitializerTimingList&, ImageLoader::UninitedUpwards&) (in /usr/lib/dyld)
==10200==    by 0x100017B7F: ImageLoader::recursiveInitialization(ImageLoader::LinkContext const&, unsigned int, char const*, ImageLoader::InitializerTimingList&, ImageLoader::UninitedUpwards&) (in /usr/lib/dyld)
==10200==    by 0x100016D72: ImageLoader::processInitializers(ImageLoader::LinkContext const&, unsigned int, ImageLoader::InitializerTimingList&, ImageLoader::UninitedUpwards&) (in /usr/lib/dyld)
==10200==    by 0x100016E04: ImageLoader::runInitializers(ImageLoader::LinkContext const&, ImageLoader::InitializerTimingList&) (in /usr/lib/dyld)
==10200==    by 0x10000671E: dyld::initializeMainExecutable() (in /usr/lib/dyld)
==10200==    by 0x10000B708: dyld::_main(macho_header const*, unsigned long, int, char const**, char const**, char const**, unsigned long*) (in /usr/lib/dyld)
==10200==    by 0x100005502: dyldbootstrap::start(macho_header const*, int, char const**, long, macho_header const*, unsigned long*) (in /usr/lib/dyld)
==10200==  Uninitialised value was created by a stack allocation
==10200==    at 0x1003B7C54: arc4_init (in /usr/lib/system/libsystem_c.dylib)
==10200== 
{
   <insert_a_suppression_name_here>
   Memcheck:Value8
   fun:_objc_rootAlloc
   fun:_libxpc_initializer
   fun:libSystem_initializer
   fun:_ZN16ImageLoaderMachO18doModInitFunctionsERKN11ImageLoader11LinkContextE
   fun:_ZN16ImageLoaderMachO16doInitializationERKN11ImageLoader11LinkContextE
   fun:_ZN11ImageLoader23recursiveInitializationERKNS_11LinkContextEjPKcRNS_21InitializerTimingListERNS_15UninitedUpwardsE
   fun:_ZN11ImageLoader23recursiveInitializationERKNS_11LinkContextEjPKcRNS_21InitializerTimingListERNS_15UninitedUpwardsE
   fun:_ZN11ImageLoader19processInitializersERKNS_11LinkContextEjRNS_21InitializerTimingListERNS_15UninitedUpwardsE
   fun:_ZN11ImageLoader15runInitializersERKNS_11LinkContextERNS_21InitializerTimingListE
   fun:_ZN4dyld24initializeMainExecutableEv
   fun:_ZN4dyld5_mainEPK12macho_headermiPPKcS5_S5_Pm
   fun:_ZN13dyldbootstrap5startEPK12macho_headeriPPKclS2_Pm
}
==10200== Use of uninitialised value of size 8
==10200==    at 0x10069EA3B: objc_memmove_collectable (in /usr/lib/libobjc.A.dylib)
==10200==    by 0x100643D40: _libxpc_initializer (in /usr/lib/system/libxpc.dylib)
==10200==    by 0x1000EC9C9: libSystem_initializer (in /usr/lib/libSystem.B.dylib)
==10200==    by 0x10001C591: ImageLoaderMachO::doModInitFunctions(ImageLoader::LinkContext const&) (in /usr/lib/dyld)
==10200==    by 0x10001C797: ImageLoaderMachO::doInitialization(ImageLoader::LinkContext const&) (in /usr/lib/dyld)
==10200==    by 0x100017BE9: ImageLoader::recursiveInitialization(ImageLoader::LinkContext const&, unsigned int, char const*, ImageLoader::InitializerTimingList&, ImageLoader::UninitedUpwards&) (in /usr/lib/dyld)
==10200==    by 0x100017B7F: ImageLoader::recursiveInitialization(ImageLoader::LinkContext const&, unsigned int, char const*, ImageLoader::InitializerTimingList&, ImageLoader::UninitedUpwards&) (in /usr/lib/dyld)
==10200==    by 0x100016D72: ImageLoader::processInitializers(ImageLoader::LinkContext const&, unsigned int, ImageLoader::InitializerTimingList&, ImageLoader::UninitedUpwards&) (in /usr/lib/dyld)
==10200==    by 0x100016E04: ImageLoader::runInitializers(ImageLoader::LinkContext const&, ImageLoader::InitializerTimingList&) (in /usr/lib/dyld)
==10200==    by 0x10000671E: dyld::initializeMainExecutable() (in /usr/lib/dyld)
==10200==    by 0x10000B708: dyld::_main(macho_header const*, unsigned long, int, char const**, char const**, char const**, unsigned long*) (in /usr/lib/dyld)
==10200==    by 0x100005502: dyldbootstrap::start(macho_header const*, int, char const**, long, macho_header const*, unsigned long*) (in /usr/lib/dyld)
==10200==  Uninitialised value was created by a stack allocation
==10200==    at 0x1003B7C54: arc4_init (in /usr/lib/system/libsystem_c.dylib)
==10200== 
{
   <insert_a_suppression_name_here>
   Memcheck:Value8
   fun:objc_memmove_collectable
   fun:_libxpc_initializer
   fun:libSystem_initializer
   fun:_ZN16ImageLoaderMachO18doModInitFunctionsERKN11ImageLoader11LinkContextE
   fun:_ZN16ImageLoaderMachO16doInitializationERKN11ImageLoader11LinkContextE
   fun:_ZN11ImageLoader23recursiveInitializationERKNS_11LinkContextEjPKcRNS_21InitializerTimingListERNS_15UninitedUpwardsE
   fun:_ZN11ImageLoader23recursiveInitializationERKNS_11LinkContextEjPKcRNS_21InitializerTimingListERNS_15UninitedUpwardsE
   fun:_ZN11ImageLoader19processInitializersERKNS_11LinkContextEjRNS_21InitializerTimingListERNS_15UninitedUpwardsE
   fun:_ZN11ImageLoader15runInitializersERKNS_11LinkContextERNS_21InitializerTimingListE
   fun:_ZN4dyld24initializeMainExecutableEv
   fun:_ZN4dyld5_mainEPK12macho_headermiPPKcS5_S5_Pm
   fun:_ZN13dyldbootstrap5startEPK12macho_headeriPPKclS2_Pm
}
==10200== Use of uninitialised value of size 8
==10200==    at 0x10069EA59: objc_initializeClassPair (in /usr/lib/libobjc.A.dylib)
==10200==    by 0x100643D40: _libxpc_initializer (in /usr/lib/system/libxpc.dylib)
==10200==    by 0x1000EC9C9: libSystem_initializer (in /usr/lib/libSystem.B.dylib)
==10200==    by 0x10001C591: ImageLoaderMachO::doModInitFunctions(ImageLoader::LinkContext const&) (in /usr/lib/dyld)
==10200==    by 0x10001C797: ImageLoaderMachO::doInitialization(ImageLoader::LinkContext const&) (in /usr/lib/dyld)
==10200==    by 0x100017BE9: ImageLoader::recursiveInitialization(ImageLoader::LinkContext const&, unsigned int, char const*, ImageLoader::InitializerTimingList&, ImageLoader::UninitedUpwards&) (in /usr/lib/dyld)
==10200==    by 0x100017B7F: ImageLoader::recursiveInitialization(ImageLoader::LinkContext const&, unsigned int, char const*, ImageLoader::InitializerTimingList&, ImageLoader::UninitedUpwards&) (in /usr/lib/dyld)
==10200==    by 0x100016D72: ImageLoader::processInitializers(ImageLoader::LinkContext const&, unsigned int, ImageLoader::InitializerTimingList&, ImageLoader::UninitedUpwards&) (in /usr/lib/dyld)
==10200==    by 0x100016E04: ImageLoader::runInitializers(ImageLoader::LinkContext const&, ImageLoader::InitializerTimingList&) (in /usr/lib/dyld)
==10200==    by 0x10000671E: dyld::initializeMainExecutable() (in /usr/lib/dyld)
==10200==    by 0x10000B708: dyld::_main(macho_header const*, unsigned long, int, char const**, char const**, char const**, unsigned long*) (in /usr/lib/dyld)
==10200==    by 0x100005502: dyldbootstrap::start(macho_header const*, int, char const**, long, macho_header const*, unsigned long*) (in /usr/lib/dyld)
==10200==  Uninitialised value was created by a stack allocation
==10200==    at 0x1003B7C54: arc4_init (in /usr/lib/system/libsystem_c.dylib)
==10200== 
{
   <insert_a_suppression_name_here>
   Memcheck:Value8
   fun:objc_initializeClassPair
   fun:_libxpc_initializer
   fun:libSystem_initializer
   fun:_ZN16ImageLoaderMachO18doModInitFunctionsERKN11ImageLoader11LinkContextE
   fun:_ZN16ImageLoaderMachO16doInitializationERKN11ImageLoader11LinkContextE
   fun:_ZN11ImageLoader23recursiveInitializationERKNS_11LinkContextEjPKcRNS_21InitializerTimingListERNS_15UninitedUpwardsE
   fun:_ZN11ImageLoader23recursiveInitializationERKNS_11LinkContextEjPKcRNS_21InitializerTimingListERNS_15UninitedUpwardsE
   fun:_ZN11ImageLoader19processInitializersERKNS_11LinkContextEjRNS_21InitializerTimingListERNS_15UninitedUpwardsE
   fun:_ZN11ImageLoader15runInitializersERKNS_11LinkContextERNS_21InitializerTimingListE
   fun:_ZN4dyld24initializeMainExecutableEv
   fun:_ZN4dyld5_mainEPK12macho_headermiPPKcS5_S5_Pm
   fun:_ZN13dyldbootstrap5startEPK12macho_headeriPPKclS2_Pm
}
==10200== Use of uninitialised value of size 8
==10200==    at 0x10069EA67: objc_initializeClassPair (in /usr/lib/libobjc.A.dylib)
==10200==    by 0x100643D40: _libxpc_initializer (in /usr/lib/system/libxpc.dylib)
==10200==    by 0x1000EC9C9: libSystem_initializer (in /usr/lib/libSystem.B.dylib)
==10200==    by 0x10001C591: ImageLoaderMachO::doModInitFunctions(ImageLoader::LinkContext const&) (in /usr/lib/dyld)
==10200==    by 0x10001C797: ImageLoaderMachO::doInitialization(ImageLoader::LinkContext const&) (in /usr/lib/dyld)
==10200==    by 0x100017BE9: ImageLoader::recursiveInitialization(ImageLoader::LinkContext const&, unsigned int, char const*, ImageLoader::InitializerTimingList&, ImageLoader::UninitedUpwards&) (in /usr/lib/dyld)
==10200==    by 0x100017B7F: ImageLoader::recursiveInitialization(ImageLoader::LinkContext const&, unsigned int, char const*, ImageLoader::InitializerTimingList&, ImageLoader::UninitedUpwards&) (in /usr/lib/dyld)
==10200==    by 0x100016D72: ImageLoader::processInitializers(ImageLoader::LinkContext const&, unsigned int, ImageLoader::InitializerTimingList&, ImageLoader::UninitedUpwards&) (in /usr/lib/dyld)
==10200==    by 0x100016E04: ImageLoader::runInitializers(ImageLoader::LinkContext const&, ImageLoader::InitializerTimingList&) (in /usr/lib/dyld)
==10200==    by 0x10000671E: dyld::initializeMainExecutable() (in /usr/lib/dyld)
==10200==    by 0x10000B708: dyld::_main(macho_header const*, unsigned long, int, char const**, char const**, char const**, unsigned long*) (in /usr/lib/dyld)
==10200==    by 0x100005502: dyldbootstrap::start(macho_header const*, int, char const**, long, macho_header const*, unsigned long*) (in /usr/lib/dyld)
==10200==  Uninitialised value was created by a stack allocation
==10200==    at 0x1003B7C54: arc4_init (in /usr/lib/system/libsystem_c.dylib)
==10200== 
{
   <insert_a_suppression_name_here>
   Memcheck:Value8
   fun:objc_initializeClassPair
   fun:_libxpc_initializer
   fun:libSystem_initializer
   fun:_ZN16ImageLoaderMachO18doModInitFunctionsERKN11ImageLoader11LinkContextE
   fun:_ZN16ImageLoaderMachO16doInitializationERKN11ImageLoader11LinkContextE
   fun:_ZN11ImageLoader23recursiveInitializationERKNS_11LinkContextEjPKcRNS_21InitializerTimingListERNS_15UninitedUpwardsE
   fun:_ZN11ImageLoader23recursiveInitializationERKNS_11LinkContextEjPKcRNS_21InitializerTimingListERNS_15UninitedUpwardsE
   fun:_ZN11ImageLoader19processInitializersERKNS_11LinkContextEjRNS_21InitializerTimingListERNS_15UninitedUpwardsE
   fun:_ZN11ImageLoader15runInitializersERKNS_11LinkContextERNS_21InitializerTimingListE
   fun:_ZN4dyld24initializeMainExecutableEv
   fun:_ZN4dyld5_mainEPK12macho_headermiPPKcS5_S5_Pm
   fun:_ZN13dyldbootstrap5startEPK12macho_headeriPPKclS2_Pm
}
==10200== Conditional jump or move depends on uninitialised value(s)
==10200==    at 0x10069EA27: _objc_rootAlloc (in /usr/lib/libobjc.A.dylib)
==10200==    by 0x100643D59: _libxpc_initializer (in /usr/lib/system/libxpc.dylib)
==10200==    by 0x1000EC9C9: libSystem_initializer (in /usr/lib/libSystem.B.dylib)
==10200==    by 0x10001C591: ImageLoaderMachO::doModInitFunctions(ImageLoader::LinkContext const&) (in /usr/lib/dyld)
==10200==    by 0x10001C797: ImageLoaderMachO::doInitialization(ImageLoader::LinkContext const&) (in /usr/lib/dyld)
==10200==    by 0x100017BE9: ImageLoader::recursiveInitialization(ImageLoader::LinkContext const&, unsigned int, char const*, ImageLoader::InitializerTimingList&, ImageLoader::UninitedUpwards&) (in /usr/lib/dyld)
==10200==    by 0x100017B7F: ImageLoader::recursiveInitialization(ImageLoader::LinkContext const&, unsigned int, char const*, ImageLoader::InitializerTimingList&, ImageLoader::UninitedUpwards&) (in /usr/lib/dyld)
==10200==    by 0x100016D72: ImageLoader::processInitializers(ImageLoader::LinkContext const&, unsigned int, ImageLoader::InitializerTimingList&, ImageLoader::UninitedUpwards&) (in /usr/lib/dyld)
==10200==    by 0x100016E04: ImageLoader::runInitializers(ImageLoader::LinkContext const&, ImageLoader::InitializerTimingList&) (in /usr/lib/dyld)
==10200==    by 0x10000671E: dyld::initializeMainExecutable() (in /usr/lib/dyld)
==10200==    by 0x10000B708: dyld::_main(macho_header const*, unsigned long, int, char const**, char const**, char const**, unsigned long*) (in /usr/lib/dyld)
==10200==    by 0x100005502: dyldbootstrap::start(macho_header const*, int, char const**, long, macho_header const*, unsigned long*) (in /usr/lib/dyld)
==10200==  Uninitialised value was created by a stack allocation
==10200==    at 0x1003B7C54: arc4_init (in /usr/lib/system/libsystem_c.dylib)
==10200== 
{
   <insert_a_suppression_name_here>
   Memcheck:Cond
   fun:_objc_rootAlloc
   fun:_libxpc_initializer
   fun:libSystem_initializer
   fun:_ZN16ImageLoaderMachO18doModInitFunctionsERKN11ImageLoader11LinkContextE
   fun:_ZN16ImageLoaderMachO16doInitializationERKN11ImageLoader11LinkContextE
   fun:_ZN11ImageLoader23recursiveInitializationERKNS_11LinkContextEjPKcRNS_21InitializerTimingListERNS_15UninitedUpwardsE
   fun:_ZN11ImageLoader23recursiveInitializationERKNS_11LinkContextEjPKcRNS_21InitializerTimingListERNS_15UninitedUpwardsE
   fun:_ZN11ImageLoader19processInitializersERKNS_11LinkContextEjRNS_21InitializerTimingListERNS_15UninitedUpwardsE
   fun:_ZN11ImageLoader15runInitializersERKNS_11LinkContextERNS_21InitializerTimingListE
   fun:_ZN4dyld24initializeMainExecutableEv
   fun:_ZN4dyld5_mainEPK12macho_headermiPPKcS5_S5_Pm
   fun:_ZN13dyldbootstrap5startEPK12macho_headeriPPKclS2_Pm
}
==10200== Use of uninitialised value of size 8
==10200==    at 0x10069EA29: _objc_rootAlloc (in /usr/lib/libobjc.A.dylib)
==10200==    by 0x100643D59: _libxpc_initializer (in /usr/lib/system/libxpc.dylib)
==10200==    by 0x1000EC9C9: libSystem_initializer (in /usr/lib/libSystem.B.dylib)
==10200==    by 0x10001C591: ImageLoaderMachO::doModInitFunctions(ImageLoader::LinkContext const&) (in /usr/lib/dyld)
==10200==    by 0x10001C797: ImageLoaderMachO::doInitialization(ImageLoader::LinkContext const&) (in /usr/lib/dyld)
==10200==    by 0x100017BE9: ImageLoader::recursiveInitialization(ImageLoader::LinkContext const&, unsigned int, char const*, ImageLoader::InitializerTimingList&, ImageLoader::UninitedUpwards&) (in /usr/lib/dyld)
==10200==    by 0x100017B7F: ImageLoader::recursiveInitialization(ImageLoader::LinkContext const&, unsigned int, char const*, ImageLoader::InitializerTimingList&, ImageLoader::UninitedUpwards&) (in /usr/lib/dyld)
==10200==    by 0x100016D72: ImageLoader::processInitializers(ImageLoader::LinkContext const&, unsigned int, ImageLoader::InitializerTimingList&, ImageLoader::UninitedUpwards&) (in /usr/lib/dyld)
==10200==    by 0x100016E04: ImageLoader::runInitializers(ImageLoader::LinkContext const&, ImageLoader::InitializerTimingList&) (in /usr/lib/dyld)
==10200==    by 0x10000671E: dyld::initializeMainExecutable() (in /usr/lib/dyld)
==10200==    by 0x10000B708: dyld::_main(macho_header const*, unsigned long, int, char const**, char const**, char const**, unsigned long*) (in /usr/lib/dyld)
==10200==    by 0x100005502: dyldbootstrap::start(macho_header const*, int, char const**, long, macho_header const*, unsigned long*) (in /usr/lib/dyld)
==10200==  Uninitialised value was created by a stack allocation
==10200==    at 0x1003B7C54: arc4_init (in /usr/lib/system/libsystem_c.dylib)
==10200== 
{
   <insert_a_suppression_name_here>
   Memcheck:Value8
   fun:_objc_rootAlloc
   fun:_libxpc_initializer
   fun:libSystem_initializer
   fun:_ZN16ImageLoaderMachO18doModInitFunctionsERKN11ImageLoader11LinkContextE
   fun:_ZN16ImageLoaderMachO16doInitializationERKN11ImageLoader11LinkContextE
   fun:_ZN11ImageLoader23recursiveInitializationERKNS_11LinkContextEjPKcRNS_21InitializerTimingListERNS_15UninitedUpwardsE
   fun:_ZN11ImageLoader23recursiveInitializationERKNS_11LinkContextEjPKcRNS_21InitializerTimingListERNS_15UninitedUpwardsE
   fun:_ZN11ImageLoader19processInitializersERKNS_11LinkContextEjRNS_21InitializerTimingListERNS_15UninitedUpwardsE
   fun:_ZN11ImageLoader15runInitializersERKNS_11LinkContextERNS_21InitializerTimingListE
   fun:_ZN4dyld24initializeMainExecutableEv
   fun:_ZN4dyld5_mainEPK12macho_headermiPPKcS5_S5_Pm
   fun:_ZN13dyldbootstrap5startEPK12macho_headeriPPKclS2_Pm
}
==10200== Use of uninitialised value of size 8
==10200==    at 0x10069EA3B: objc_memmove_collectable (in /usr/lib/libobjc.A.dylib)
==10200==    by 0x100643D59: _libxpc_initializer (in /usr/lib/system/libxpc.dylib)
==10200==    by 0x1000EC9C9: libSystem_initializer (in /usr/lib/libSystem.B.dylib)
==10200==    by 0x10001C591: ImageLoaderMachO::doModInitFunctions(ImageLoader::LinkContext const&) (in /usr/lib/dyld)
==10200==    by 0x10001C797: ImageLoaderMachO::doInitialization(ImageLoader::LinkContext const&) (in /usr/lib/dyld)
==10200==    by 0x100017BE9: ImageLoader::recursiveInitialization(ImageLoader::LinkContext const&, unsigned int, char const*, ImageLoader::InitializerTimingList&, ImageLoader::UninitedUpwards&) (in /usr/lib/dyld)
==10200==    by 0x100017B7F: ImageLoader::recursiveInitialization(ImageLoader::LinkContext const&, unsigned int, char const*, ImageLoader::InitializerTimingList&, ImageLoader::UninitedUpwards&) (in /usr/lib/dyld)
==10200==    by 0x100016D72: ImageLoader::processInitializers(ImageLoader::LinkContext const&, unsigned int, ImageLoader::InitializerTimingList&, ImageLoader::UninitedUpwards&) (in /usr/lib/dyld)
==10200==    by 0x100016E04: ImageLoader::runInitializers(ImageLoader::LinkContext const&, ImageLoader::InitializerTimingList&) (in /usr/lib/dyld)
==10200==    by 0x10000671E: dyld::initializeMainExecutable() (in /usr/lib/dyld)
==10200==    by 0x10000B708: dyld::_main(macho_header const*, unsigned long, int, char const**, char const**, char const**, unsigned long*) (in /usr/lib/dyld)
==10200==    by 0x100005502: dyldbootstrap::start(macho_header const*, int, char const**, long, macho_header const*, unsigned long*) (in /usr/lib/dyld)
==10200==  Uninitialised value was created by a stack allocation
==10200==    at 0x1003B7C54: arc4_init (in /usr/lib/system/libsystem_c.dylib)
==10200== 
{
   <insert_a_suppression_name_here>
   Memcheck:Value8
   fun:objc_memmove_collectable
   fun:_libxpc_initializer
   fun:libSystem_initializer
   fun:_ZN16ImageLoaderMachO18doModInitFunctionsERKN11ImageLoader11LinkContextE
   fun:_ZN16ImageLoaderMachO16doInitializationERKN11ImageLoader11LinkContextE
   fun:_ZN11ImageLoader23recursiveInitializationERKNS_11LinkContextEjPKcRNS_21InitializerTimingListERNS_15UninitedUpwardsE
   fun:_ZN11ImageLoader23recursiveInitializationERKNS_11LinkContextEjPKcRNS_21InitializerTimingListERNS_15UninitedUpwardsE
   fun:_ZN11ImageLoader19processInitializersERKNS_11LinkContextEjRNS_21InitializerTimingListERNS_15UninitedUpwardsE
   fun:_ZN11ImageLoader15runInitializersERKNS_11LinkContextERNS_21InitializerTimingListE
   fun:_ZN4dyld24initializeMainExecutableEv
   fun:_ZN4dyld5_mainEPK12macho_headermiPPKcS5_S5_Pm
   fun:_ZN13dyldbootstrap5startEPK12macho_headeriPPKclS2_Pm
}
==10200== Use of uninitialised value of size 8
==10200==    at 0x10069EA59: objc_initializeClassPair (in /usr/lib/libobjc.A.dylib)
==10200==    by 0x100643D59: _libxpc_initializer (in /usr/lib/system/libxpc.dylib)
==10200==    by 0x1000EC9C9: libSystem_initializer (in /usr/lib/libSystem.B.dylib)
==10200==    by 0x10001C591: ImageLoaderMachO::doModInitFunctions(ImageLoader::LinkContext const&) (in /usr/lib/dyld)
==10200==    by 0x10001C797: ImageLoaderMachO::doInitialization(ImageLoader::LinkContext const&) (in /usr/lib/dyld)
==10200==    by 0x100017BE9: ImageLoader::recursiveInitialization(ImageLoader::LinkContext const&, unsigned int, char const*, ImageLoader::InitializerTimingList&, ImageLoader::UninitedUpwards&) (in /usr/lib/dyld)
==10200==    by 0x100017B7F: ImageLoader::recursiveInitialization(ImageLoader::LinkContext const&, unsigned int, char const*, ImageLoader::InitializerTimingList&, ImageLoader::UninitedUpwards&) (in /usr/lib/dyld)
==10200==    by 0x100016D72: ImageLoader::processInitializers(ImageLoader::LinkContext const&, unsigned int, ImageLoader::InitializerTimingList&, ImageLoader::UninitedUpwards&) (in /usr/lib/dyld)
==10200==    by 0x100016E04: ImageLoader::runInitializers(ImageLoader::LinkContext const&, ImageLoader::InitializerTimingList&) (in /usr/lib/dyld)
==10200==    by 0x10000671E: dyld::initializeMainExecutable() (in /usr/lib/dyld)
==10200==    by 0x10000B708: dyld::_main(macho_header const*, unsigned long, int, char const**, char const**, char const**, unsigned long*) (in /usr/lib/dyld)
==10200==    by 0x100005502: dyldbootstrap::start(macho_header const*, int, char const**, long, macho_header const*, unsigned long*) (in /usr/lib/dyld)
==10200==  Uninitialised value was created by a stack allocation
==10200==    at 0x1003B7C54: arc4_init (in /usr/lib/system/libsystem_c.dylib)
==10200== 
{
   <insert_a_suppression_name_here>
   Memcheck:Value8
   fun:objc_initializeClassPair
   fun:_libxpc_initializer
   fun:libSystem_initializer
   fun:_ZN16ImageLoaderMachO18doModInitFunctionsERKN11ImageLoader11LinkContextE
   fun:_ZN16ImageLoaderMachO16doInitializationERKN11ImageLoader11LinkContextE
   fun:_ZN11ImageLoader23recursiveInitializationERKNS_11LinkContextEjPKcRNS_21InitializerTimingListERNS_15UninitedUpwardsE
   fun:_ZN11ImageLoader23recursiveInitializationERKNS_11LinkContextEjPKcRNS_21InitializerTimingListERNS_15UninitedUpwardsE
   fun:_ZN11ImageLoader19processInitializersERKNS_11LinkContextEjRNS_21InitializerTimingListERNS_15UninitedUpwardsE
   fun:_ZN11ImageLoader15runInitializersERKNS_11LinkContextERNS_21InitializerTimingListE
   fun:_ZN4dyld24initializeMainExecutableEv
   fun:_ZN4dyld5_mainEPK12macho_headermiPPKcS5_S5_Pm
   fun:_ZN13dyldbootstrap5startEPK12macho_headeriPPKclS2_Pm
}
==10200== Conditional jump or move depends on uninitialised value(s)
==10200==    at 0x100644CB6: xpc_uint64_create (in /usr/lib/system/libxpc.dylib)
==10200==    by 0x100644C44: _xpc_collect_images (in /usr/lib/system/libxpc.dylib)
==10200==    by 0x1006440BA: _libxpc_initializer (in /usr/lib/system/libxpc.dylib)
==10200==    by 0x1000EC9C9: libSystem_initializer (in /usr/lib/libSystem.B.dylib)
==10200==    by 0x10001C591: ImageLoaderMachO::doModInitFunctions(ImageLoader::LinkContext const&) (in /usr/lib/dyld)
==10200==    by 0x10001C797: ImageLoaderMachO::doInitialization(ImageLoader::LinkContext const&) (in /usr/lib/dyld)
==10200==    by 0x100017BE9: ImageLoader::recursiveInitialization(ImageLoader::LinkContext const&, unsigned int, char const*, ImageLoader::InitializerTimingList&, ImageLoader::UninitedUpwards&) (in /usr/lib/dyld)
==10200==    by 0x100017B7F: ImageLoader::recursiveInitialization(ImageLoader::LinkContext const&, unsigned int, char const*, ImageLoader::InitializerTimingList&, ImageLoader::UninitedUpwards&) (in /usr/lib/dyld)
==10200==    by 0x100016D72: ImageLoader::processInitializers(ImageLoader::LinkContext const&, unsigned int, ImageLoader::InitializerTimingList&, ImageLoader::UninitedUpwards&) (in /usr/lib/dyld)
==10200==    by 0x100016E04: ImageLoader::runInitializers(ImageLoader::LinkContext const&, ImageLoader::InitializerTimingList&) (in /usr/lib/dyld)
==10200==    by 0x10000671E: dyld::initializeMainExecutable() (in /usr/lib/dyld)
==10200==    by 0x10000B708: dyld::_main(macho_header const*, unsigned long, int, char const**, char const**, char const**, unsigned long*) (in /usr/lib/dyld)
==10200==  Uninitialised value was created by a stack allocation
==10200==    at 0x1003B7C54: arc4_init (in /usr/lib/system/libsystem_c.dylib)
==10200== 
{
   <insert_a_suppression_name_here>
   Memcheck:Cond
   fun:xpc_uint64_create
   fun:_xpc_collect_images
   fun:_libxpc_initializer
   fun:libSystem_initializer
   fun:_ZN16ImageLoaderMachO18doModInitFunctionsERKN11ImageLoader11LinkContextE
   fun:_ZN16ImageLoaderMachO16doInitializationERKN11ImageLoader11LinkContextE
   fun:_ZN11ImageLoader23recursiveInitializationERKNS_11LinkContextEjPKcRNS_21InitializerTimingListERNS_15UninitedUpwardsE
   fun:_ZN11ImageLoader23recursiveInitializationERKNS_11LinkContextEjPKcRNS_21InitializerTimingListERNS_15UninitedUpwardsE
   fun:_ZN11ImageLoader19processInitializersERKNS_11LinkContextEjRNS_21InitializerTimingListERNS_15UninitedUpwardsE
   fun:_ZN11ImageLoader15runInitializersERKNS_11LinkContextERNS_21InitializerTimingListE
   fun:_ZN4dyld24initializeMainExecutableEv
   fun:_ZN4dyld5_mainEPK12macho_headermiPPKcS5_S5_Pm
}
==10200== 
==10200== HEAP SUMMARY:
==10200==     in use at exit: 22,926 bytes in 164 blocks
==10200==   total heap usage: 186 allocs, 22 frees, 31,398 bytes allocated
==10200== 
==10200== 32 bytes in 1 blocks are possibly lost in loss record 15 of 43
==10200==    at 0x1000DA031: malloc_zone_calloc (vg_replace_malloc.c:757)
==10200==    by 0x100698D86: freeBuckets(NXHashTable*, int) (in /usr/lib/libobjc.A.dylib)
==10200==    by 0x100698AFE: NXHashInsert (in /usr/lib/libobjc.A.dylib)
==10200==    by 0x1006989BF: hashPrototype(void const*, void const*) (in /usr/lib/libobjc.A.dylib)
==10200==    by 0x100697AB4: _read_images (in /usr/lib/libobjc.A.dylib)
==10200==    by 0x100696A4F: _hasObjcContents (in /usr/lib/libobjc.A.dylib)
==10200==    by 0x1006A955F: __objc_personality_v0 (in /usr/lib/libobjc.A.dylib)
==10200==    by 0x10000947A: dyld::notifyBatchPartial(dyld_image_states, bool, char const* (*)(dyld_image_states, unsigned int, dyld_image_info const*), bool, bool) (in /usr/lib/dyld)
==10200==    by 0x10000962D: dyld::registerObjCNotifiers(void (*)(unsigned int, char const* const*, mach_header const* const*), void (*)(char const*, mach_header const*), void (*)(char const*, mach_header const*)) (in /usr/lib/dyld)
==10200==    by 0x1002F8A26: _dyld_objc_notify_register (in /usr/lib/system/libdyld.dylib)
==10200==    by 0x100696233: environ_init (in /usr/lib/libobjc.A.dylib)
==10200==    by 0x10028FE35: _os_object_init (in /usr/lib/system/libdispatch.dylib)
==10200== 
{
   <insert_a_suppression_name_here>
   Memcheck:Leak
   match-leak-kinds: possible
   fun:malloc_zone_calloc
   fun:_ZL11freeBucketsP11NXHashTablei
   fun:NXHashInsert
   fun:_ZL13hashPrototypePKvS0_
   fun:_read_images
   fun:_hasObjcContents
   fun:__objc_personality_v0
   fun:_ZN4dyldL18notifyBatchPartialE17dyld_image_statesbPFPKcS0_jPK15dyld_image_infoEbb
   fun:_ZN4dyld21registerObjCNotifiersEPFvjPKPKcPKPK11mach_headerEPFvS1_S6_ESC_
   fun:_dyld_objc_notify_register
   fun:environ_init
   fun:_os_object_init
}
==10200== 48 bytes in 2 blocks are possibly lost in loss record 20 of 43
==10200==    at 0x1000D9D72: calloc (vg_replace_malloc.c:755)
==10200==    by 0x100696742: map_images_nolock (in /usr/lib/libobjc.A.dylib)
==10200==    by 0x1006A955F: __objc_personality_v0 (in /usr/lib/libobjc.A.dylib)
==10200==    by 0x10000947A: dyld::notifyBatchPartial(dyld_image_states, bool, char const* (*)(dyld_image_states, unsigned int, dyld_image_info const*), bool, bool) (in /usr/lib/dyld)
==10200==    by 0x10000962D: dyld::registerObjCNotifiers(void (*)(unsigned int, char const* const*, mach_header const* const*), void (*)(char const*, mach_header const*), void (*)(char const*, mach_header const*)) (in /usr/lib/dyld)
==10200==    by 0x1002F8A26: _dyld_objc_notify_register (in /usr/lib/system/libdyld.dylib)
==10200==    by 0x100696233: environ_init (in /usr/lib/libobjc.A.dylib)
==10200==    by 0x10028FE35: _os_object_init (in /usr/lib/system/libdispatch.dylib)
==10200==    by 0x10029BAD1: libdispatch_init (in /usr/lib/system/libdispatch.dylib)
==10200==    by 0x1000EC9C4: libSystem_initializer (in /usr/lib/libSystem.B.dylib)
==10200==    by 0x10001C591: ImageLoaderMachO::doModInitFunctions(ImageLoader::LinkContext const&) (in /usr/lib/dyld)
==10200==    by 0x10001C797: ImageLoaderMachO::doInitialization(ImageLoader::LinkContext const&) (in /usr/lib/dyld)
==10200== 
{
   <insert_a_suppression_name_here>
   Memcheck:Leak
   match-leak-kinds: possible
   fun:calloc
   fun:map_images_nolock
   fun:__objc_personality_v0
   fun:_ZN4dyldL18notifyBatchPartialE17dyld_image_statesbPFPKcS0_jPK15dyld_image_infoEbb
   fun:_ZN4dyld21registerObjCNotifiersEPFvjPKPKcPKPK11mach_headerEPFvS1_S6_ESC_
   fun:_dyld_objc_notify_register
   fun:environ_init
   fun:_os_object_init
   fun:libdispatch_init
   fun:libSystem_initializer
   fun:_ZN16ImageLoaderMachO18doModInitFunctionsERKN11ImageLoader11LinkContextE
   fun:_ZN16ImageLoaderMachO16doInitializationERKN11ImageLoader11LinkContextE
}
==10200== 528 bytes in 1 blocks are possibly lost in loss record 36 of 43
==10200==    at 0x1000D9684: malloc_zone_malloc (vg_replace_malloc.c:304)
==10200==    by 0x100698968: NXHashGet (in /usr/lib/libobjc.A.dylib)
==10200==    by 0x100698846: NXCreateHashTableFromZone (in /usr/lib/libobjc.A.dylib)
==10200==    by 0x10069A417: NXMapRemove (in /usr/lib/libobjc.A.dylib)
==10200==    by 0x1006AE067: _unload_image (in /usr/lib/libobjc.A.dylib)
==10200==    by 0x1006ADA8C: _objc_flush_caches (in /usr/lib/libobjc.A.dylib)
==10200==    by 0x1006ADA6B: _objc_flush_caches (in /usr/lib/libobjc.A.dylib)
==10200==    by 0x1006ADA6B: _objc_flush_caches (in /usr/lib/libobjc.A.dylib)
==10200==    by 0x1006ADA6B: _objc_flush_caches (in /usr/lib/libobjc.A.dylib)
==10200==    by 0x100698266: _read_images (in /usr/lib/libobjc.A.dylib)
==10200==    by 0x100696A4F: _hasObjcContents (in /usr/lib/libobjc.A.dylib)
==10200==    by 0x1006A955F: __objc_personality_v0 (in /usr/lib/libobjc.A.dylib)
==10200== 
{
   <insert_a_suppression_name_here>
   Memcheck:Leak
   match-leak-kinds: possible
   fun:malloc_zone_malloc
   fun:NXHashGet
   fun:NXCreateHashTableFromZone
   fun:NXMapRemove
   fun:_unload_image
   fun:_objc_flush_caches
   fun:_objc_flush_caches
   fun:_objc_flush_caches
   fun:_objc_flush_caches
   fun:_read_images
   fun:_hasObjcContents
   fun:__objc_personality_v0
}
==10200== 2,064 bytes in 1 blocks are possibly lost in loss record 38 of 43
==10200==    at 0x1000D9684: malloc_zone_malloc (vg_replace_malloc.c:304)
==10200==    by 0x100698968: NXHashGet (in /usr/lib/libobjc.A.dylib)
==10200==    by 0x100698846: NXCreateHashTableFromZone (in /usr/lib/libobjc.A.dylib)
==10200==    by 0x100697A91: _read_images (in /usr/lib/libobjc.A.dylib)
==10200==    by 0x100696A4F: _hasObjcContents (in /usr/lib/libobjc.A.dylib)
==10200==    by 0x1006A955F: __objc_personality_v0 (in /usr/lib/libobjc.A.dylib)
==10200==    by 0x10000947A: dyld::notifyBatchPartial(dyld_image_states, bool, char const* (*)(dyld_image_states, unsigned int, dyld_image_info const*), bool, bool) (in /usr/lib/dyld)
==10200==    by 0x10000962D: dyld::registerObjCNotifiers(void (*)(unsigned int, char const* const*, mach_header const* const*), void (*)(char const*, mach_header const*), void (*)(char const*, mach_header const*)) (in /usr/lib/dyld)
==10200==    by 0x1002F8A26: _dyld_objc_notify_register (in /usr/lib/system/libdyld.dylib)
==10200==    by 0x100696233: environ_init (in /usr/lib/libobjc.A.dylib)
==10200==    by 0x10028FE35: _os_object_init (in /usr/lib/system/libdispatch.dylib)
==10200==    by 0x10029BAD1: libdispatch_init (in /usr/lib/system/libdispatch.dylib)
==10200== 
{
   <insert_a_suppression_name_here>
   Memcheck:Leak
   match-leak-kinds: possible
   fun:malloc_zone_malloc
   fun:NXHashGet
   fun:NXCreateHashTableFromZone
   fun:_read_images
   fun:_hasObjcContents
   fun:__objc_personality_v0
   fun:_ZN4dyldL18notifyBatchPartialE17dyld_image_statesbPFPKcS0_jPK15dyld_image_infoEbb
   fun:_ZN4dyld21registerObjCNotifiersEPFvjPKPKcPKPK11mach_headerEPFvS1_S6_ESC_
   fun:_dyld_objc_notify_register
   fun:environ_init
   fun:_os_object_init
   fun:libdispatch_init
}
==10200== 2,064 bytes in 1 blocks are possibly lost in loss record 39 of 43
==10200==    at 0x1000D9684: malloc_zone_malloc (vg_replace_malloc.c:304)
==10200==    by 0x100699845: objc_class::setHasCustomRR(bool) (in /usr/lib/libobjc.A.dylib)
==10200==    by 0x10069970F: addSubclass(objc_class*, objc_class*) (in /usr/lib/libobjc.A.dylib)
==10200==    by 0x100698021: _read_images (in /usr/lib/libobjc.A.dylib)
==10200==    by 0x100696A4F: _hasObjcContents (in /usr/lib/libobjc.A.dylib)
==10200==    by 0x1006A955F: __objc_personality_v0 (in /usr/lib/libobjc.A.dylib)
==10200==    by 0x10000947A: dyld::notifyBatchPartial(dyld_image_states, bool, char const* (*)(dyld_image_states, unsigned int, dyld_image_info const*), bool, bool) (in /usr/lib/dyld)
==10200==    by 0x10000962D: dyld::registerObjCNotifiers(void (*)(unsigned int, char const* const*, mach_header const* const*), void (*)(char const*, mach_header const*), void (*)(char const*, mach_header const*)) (in /usr/lib/dyld)
==10200==    by 0x1002F8A26: _dyld_objc_notify_register (in /usr/lib/system/libdyld.dylib)
==10200==    by 0x100696233: environ_init (in /usr/lib/libobjc.A.dylib)
==10200==    by 0x10028FE35: _os_object_init (in /usr/lib/system/libdispatch.dylib)
==10200==    by 0x10029BAD1: libdispatch_init (in /usr/lib/system/libdispatch.dylib)
==10200== 
{
   <insert_a_suppression_name_here>
   Memcheck:Leak
   match-leak-kinds: possible
   fun:malloc_zone_malloc
   fun:_ZN10objc_class14setHasCustomRREb
   fun:_ZL11addSubclassP10objc_classS0_
   fun:_read_images
   fun:_hasObjcContents
   fun:__objc_personality_v0
   fun:_ZN4dyldL18notifyBatchPartialE17dyld_image_statesbPFPKcS0_jPK15dyld_image_infoEbb
   fun:_ZN4dyld21registerObjCNotifiersEPFvjPKPKcPKPK11mach_headerEPFvS1_S6_ESC_
   fun:_dyld_objc_notify_register
   fun:environ_init
   fun:_os_object_init
   fun:libdispatch_init
}
==10200== 4,112 bytes in 1 blocks are possibly lost in loss record 43 of 43
==10200==    at 0x1000D9684: malloc_zone_malloc (vg_replace_malloc.c:304)
==10200==    by 0x100699845: objc_class::setHasCustomRR(bool) (in /usr/lib/libobjc.A.dylib)
==10200==    by 0x10069970F: addSubclass(objc_class*, objc_class*) (in /usr/lib/libobjc.A.dylib)
==10200==    by 0x1006B46A8: std::__1::__hash_table<std::__1::__hash_value_type<unsigned long, objc_references_support::ObjectAssociationMap*>, std::__1::__unordered_map_hasher<unsigned long, std::__1::__hash_value_type<unsigned long, objc_references_support::ObjectAssociationMap*>, objc_references_support::DisguisedPointerHash, true>, std::__1::__unordered_map_equal<unsigned long, std::__1::__hash_value_type<unsigned long, objc_references_support::ObjectAssociationMap*>, objc_references_support::DisguisedPointerEqual, true>, objc_references_support::ObjcAllocator<std::__1::__hash_value_type<unsigned long, objc_references_support::ObjectAssociationMap*> > >::__rehash(unsigned long) (in /usr/lib/libobjc.A.dylib)
==10200==    by 0x1006A4E29: updateCustomRR_AWZ(objc_class*, method_t*) (in /usr/lib/libobjc.A.dylib)
==10200==    by 0x100699EC4: addMethod(objc_class*, objc_selector*, void (*)(), char const*, bool) (in /usr/lib/libobjc.A.dylib)
==10200==    by 0x1006ADFDE: realizeAllClasses() (in /usr/lib/libobjc.A.dylib)
==10200==    by 0x1006ADA8C: _objc_flush_caches (in /usr/lib/libobjc.A.dylib)
==10200==    by 0x1006ADA6B: _objc_flush_caches (in /usr/lib/libobjc.A.dylib)
==10200==    by 0x1006ADA6B: _objc_flush_caches (in /usr/lib/libobjc.A.dylib)
==10200==    by 0x1006ADA6B: _objc_flush_caches (in /usr/lib/libobjc.A.dylib)
==10200==    by 0x100698266: _read_images (in /usr/lib/libobjc.A.dylib)
==10200== 
{
   <insert_a_suppression_name_here>
   Memcheck:Leak
   match-leak-kinds: possible
   fun:malloc_zone_malloc
   fun:_ZN10objc_class14setHasCustomRREb
   fun:_ZL11addSubclassP10objc_classS0_
   fun:_ZNSt3__112__hash_tableINS_17__hash_value_typeImPN23objc_references_support20ObjectAssociationMapEEENS_22__unordered_map_hasherImS5_NS2_20DisguisedPointerHashELb1EEENS_21__unordered_map_equalImS5_NS2_21DisguisedPointerEqualELb1EEENS2_13ObjcAllocatorIS5_EEE8__rehashEm
   fun:_ZL18updateCustomRR_AWZP10objc_classP8method_t
   fun:_ZL9addMethodP10objc_classP13objc_selectorPFvvEPKcb
   fun:_ZL17realizeAllClassesv
   fun:_objc_flush_caches
   fun:_objc_flush_caches
   fun:_objc_flush_caches
   fun:_objc_flush_caches
   fun:_read_images
}
==10200== LEAK SUMMARY:
==10200==    definitely lost: 0 bytes in 0 blocks
==10200==    indirectly lost: 0 bytes in 0 blocks
==10200==      possibly lost: 8,848 bytes in 7 blocks
==10200==    still reachable: 14,078 bytes in 157 blocks
==10200==         suppressed: 0 bytes in 0 blocks
==10200== Reachable blocks (those to which a pointer was found) are not shown.
==10200== To see them, rerun with: --leak-check=full --show-leak-kinds=all
==10200== 
==10200== For counts of detected and suppressed errors, rerun with: -v
==10200== ERROR SUMMARY: 428 errors from 32 contexts (suppressed: 0 from 0)
